<?xml version="1.0" encoding="UTF-8"?>
<TestRun id="f56a56b7-c31c-40ee-afb8-829277168c28" name="Josh@JOSH-PC 2012-02-15 15:41:55" runUser="Josh-PC\Josh" xmlns="http://microsoft.com/schemas/VisualStudio/TeamTest/2010">
  <TestSettings name="Local" id="0cf157e1-6e26-4dd6-8238-f2896789c664">
    <Description>These are default test settings for a local test run.</Description>
    <Deployment enabled="false" runDeploymentRoot="Josh_JOSH-PC 2012-02-15 15_41_55">
      <DeploymentItem filename="C:\Users\Josh\Desktop\Team12\Team12\ProjectCow\ProjectCow\ProjectCow\bin\x86\Debug\ProjectCow.exe" />
    </Deployment>
    <Execution>
      <TestTypeSpecific />
      <AgentRule name="Execution Agents">
      </AgentRule>
    </Execution>
  </TestSettings>
  <Times creation="2012-02-15T15:41:55.2760000-06:00" queuing="2012-02-15T15:42:33.9240000-06:00" start="2012-02-15T15:42:34.3190000-06:00" finish="2012-02-15T15:42:36.4520000-06:00" />
  <ResultSummary outcome="Completed">
    <Counters total="13" executed="13" passed="13" error="0" failed="0" timeout="0" aborted="0" inconclusive="0" passedButRunAborted="0" notRunnable="0" notExecuted="0" disconnected="0" warning="0" completed="0" inProgress="0" pending="0" />
  </ResultSummary>
  <TestDefinitions>
    <UnitTest name="TopBoundaryTest" storage="c:\users\josh\desktop\team12\team12\projectcow\projectcowtest\bin\debug\projectcowtest.dll" id="29e6c651-a0ee-5e25-292d-6af9fd614962">
      <Execution id="7f4ef5d0-57be-4219-9bc8-2492b987d24f" />
      <TestMethod codeBase="C:/Users/Josh/Desktop/Team12/Team12/ProjectCow/ProjectCowTest/bin/Debug/ProjectCowTest.DLL" adapterTypeName="Microsoft.VisualStudio.TestTools.TestTypes.Unit.UnitTestAdapter, Microsoft.VisualStudio.QualityTools.Tips.UnitTest.Adapter, Version=10.0.0.0, Culture=neutral, PublicKeyToken=b03f5f7f11d50a3a" className="ProjectCowTest.SpaceshipTest, ProjectCowTest, Version=1.0.0.0, Culture=neutral, PublicKeyToken=null" name="TopBoundaryTest" />
    </UnitTest>
    <UnitTest name="RightInputTest" storage="c:\users\josh\desktop\team12\team12\projectcow\projectcowtest\bin\debug\projectcowtest.dll" id="533e95b8-8d46-b3dd-d0e5-99726e6d7faa">
      <Execution id="0deec46f-0bb7-47a7-9d97-1a0db29aed56" />
      <TestMethod codeBase="C:/Users/Josh/Desktop/Team12/Team12/ProjectCow/ProjectCowTest/bin/Debug/ProjectCowTest.DLL" adapterTypeName="Microsoft.VisualStudio.TestTools.TestTypes.Unit.UnitTestAdapter, Microsoft.VisualStudio.QualityTools.Tips.UnitTest.Adapter, Version=10.0.0.0, Culture=neutral, PublicKeyToken=b03f5f7f11d50a3a" className="ProjectCowTest.SpaceshipInputManagerTest, ProjectCowTest, Version=1.0.0.0, Culture=neutral, PublicKeyToken=null" name="RightInputTest" />
    </UnitTest>
    <UnitTest name="MoveUpTest" storage="c:\users\josh\desktop\team12\team12\projectcow\projectcowtest\bin\debug\projectcowtest.dll" id="462c57fc-d3b0-3ed4-1248-c27331ea02ed">
      <Execution id="cafee5d9-016c-416a-966b-443b2b704b0e" />
      <TestMethod codeBase="C:/Users/Josh/Desktop/Team12/Team12/ProjectCow/ProjectCowTest/bin/Debug/ProjectCowTest.DLL" adapterTypeName="Microsoft.VisualStudio.TestTools.TestTypes.Unit.UnitTestAdapter, Microsoft.VisualStudio.QualityTools.Tips.UnitTest.Adapter, Version=10.0.0.0, Culture=neutral, PublicKeyToken=b03f5f7f11d50a3a" className="ProjectCowTest.SpaceshipTest, ProjectCowTest, Version=1.0.0.0, Culture=neutral, PublicKeyToken=null" name="MoveUpTest" />
    </UnitTest>
    <UnitTest name="BottomBoundaryTest" storage="c:\users\josh\desktop\team12\team12\projectcow\projectcowtest\bin\debug\projectcowtest.dll" id="062729d7-48ac-10b9-5b8f-9919b3e77005">
      <Execution id="6d1a6f3b-8790-4d09-a703-fe69d5ac1d6c" />
      <TestMethod codeBase="C:/Users/Josh/Desktop/Team12/Team12/ProjectCow/ProjectCowTest/bin/Debug/ProjectCowTest.DLL" adapterTypeName="Microsoft.VisualStudio.TestTools.TestTypes.Unit.UnitTestAdapter, Microsoft.VisualStudio.QualityTools.Tips.UnitTest.Adapter, Version=10.0.0.0, Culture=neutral, PublicKeyToken=b03f5f7f11d50a3a" className="ProjectCowTest.SpaceshipTest, ProjectCowTest, Version=1.0.0.0, Culture=neutral, PublicKeyToken=null" name="BottomBoundaryTest" />
    </UnitTest>
    <UnitTest name="MoveLeftTest" storage="c:\users\josh\desktop\team12\team12\projectcow\projectcowtest\bin\debug\projectcowtest.dll" id="d21f0c20-4809-e616-ccdf-616dc964b5c7">
      <Execution id="df937da4-1cd6-463a-93ee-ad37ce3dd6ed" />
      <TestMethod codeBase="C:/Users/Josh/Desktop/Team12/Team12/ProjectCow/ProjectCowTest/bin/Debug/ProjectCowTest.DLL" adapterTypeName="Microsoft.VisualStudio.TestTools.TestTypes.Unit.UnitTestAdapter, Microsoft.VisualStudio.QualityTools.Tips.UnitTest.Adapter, Version=10.0.0.0, Culture=neutral, PublicKeyToken=b03f5f7f11d50a3a" className="ProjectCowTest.SpaceshipTest, ProjectCowTest, Version=1.0.0.0, Culture=neutral, PublicKeyToken=null" name="MoveLeftTest" />
    </UnitTest>
    <UnitTest name="RightBoundaryTest" storage="c:\users\josh\desktop\team12\team12\projectcow\projectcowtest\bin\debug\projectcowtest.dll" id="929f2b1d-965a-da12-a9c6-365386852e1d">
      <Execution id="f616fe8e-2abf-4d94-9568-1181386bd8a5" />
      <TestMethod codeBase="C:/Users/Josh/Desktop/Team12/Team12/ProjectCow/ProjectCowTest/bin/Debug/ProjectCowTest.DLL" adapterTypeName="Microsoft.VisualStudio.TestTools.TestTypes.Unit.UnitTestAdapter, Microsoft.VisualStudio.QualityTools.Tips.UnitTest.Adapter, Version=10.0.0.0, Culture=neutral, PublicKeyToken=b03f5f7f11d50a3a" className="ProjectCowTest.SpaceshipTest, ProjectCowTest, Version=1.0.0.0, Culture=neutral, PublicKeyToken=null" name="RightBoundaryTest" />
    </UnitTest>
    <UnitTest name="DownInputTest" storage="c:\users\josh\desktop\team12\team12\projectcow\projectcowtest\bin\debug\projectcowtest.dll" id="5242c20b-7ba7-ea02-19d4-5f40234ca4f0">
      <Execution id="fa859e57-a4fc-427f-9989-a98b5447dff5" />
      <TestMethod codeBase="C:/Users/Josh/Desktop/Team12/Team12/ProjectCow/ProjectCowTest/bin/Debug/ProjectCowTest.DLL" adapterTypeName="Microsoft.VisualStudio.TestTools.TestTypes.Unit.UnitTestAdapter, Microsoft.VisualStudio.QualityTools.Tips.UnitTest.Adapter, Version=10.0.0.0, Culture=neutral, PublicKeyToken=b03f5f7f11d50a3a" className="ProjectCowTest.SpaceshipInputManagerTest, ProjectCowTest, Version=1.0.0.0, Culture=neutral, PublicKeyToken=null" name="DownInputTest" />
    </UnitTest>
    <UnitTest name="ProcessSpaceInputTest" storage="c:\users\josh\desktop\team12\team12\projectcow\projectcowtest\bin\debug\projectcowtest.dll" id="5d5a6482-420d-43b8-2aa9-b23e025342d9">
      <Execution id="669b396e-04f4-403b-bc3b-a0299c910228" />
      <TestMethod codeBase="C:/Users/Josh/Desktop/Team12/Team12/ProjectCow/ProjectCowTest/bin/Debug/ProjectCowTest.DLL" adapterTypeName="Microsoft.VisualStudio.TestTools.TestTypes.Unit.UnitTestAdapter, Microsoft.VisualStudio.QualityTools.Tips.UnitTest.Adapter, Version=10.0.0.0, Culture=neutral, PublicKeyToken=b03f5f7f11d50a3a" className="ProjectCowTest.SpaceshipInputManagerTest, ProjectCowTest, Version=1.0.0.0, Culture=neutral, PublicKeyToken=null" name="ProcessSpaceInputTest" />
    </UnitTest>
    <UnitTest name="LeftInputTest" storage="c:\users\josh\desktop\team12\team12\projectcow\projectcowtest\bin\debug\projectcowtest.dll" id="0195d3d9-3842-082a-0a73-666702ddd1d4">
      <Execution id="2dd9760e-1fb8-424c-aefc-2e22b8827202" />
      <TestMethod codeBase="C:/Users/Josh/Desktop/Team12/Team12/ProjectCow/ProjectCowTest/bin/Debug/ProjectCowTest.DLL" adapterTypeName="Microsoft.VisualStudio.TestTools.TestTypes.Unit.UnitTestAdapter, Microsoft.VisualStudio.QualityTools.Tips.UnitTest.Adapter, Version=10.0.0.0, Culture=neutral, PublicKeyToken=b03f5f7f11d50a3a" className="ProjectCowTest.SpaceshipInputManagerTest, ProjectCowTest, Version=1.0.0.0, Culture=neutral, PublicKeyToken=null" name="LeftInputTest" />
    </UnitTest>
    <UnitTest name="MoveRightTest" storage="c:\users\josh\desktop\team12\team12\projectcow\projectcowtest\bin\debug\projectcowtest.dll" id="8f327921-6561-e5da-1949-9b8c6a98b8dc">
      <Execution id="c97fdeda-8e23-4ba2-b64e-2ab14f37dd4f" />
      <TestMethod codeBase="C:/Users/Josh/Desktop/Team12/Team12/ProjectCow/ProjectCowTest/bin/Debug/ProjectCowTest.DLL" adapterTypeName="Microsoft.VisualStudio.TestTools.TestTypes.Unit.UnitTestAdapter, Microsoft.VisualStudio.QualityTools.Tips.UnitTest.Adapter, Version=10.0.0.0, Culture=neutral, PublicKeyToken=b03f5f7f11d50a3a" className="ProjectCowTest.SpaceshipTest, ProjectCowTest, Version=1.0.0.0, Culture=neutral, PublicKeyToken=null" name="MoveRightTest" />
    </UnitTest>
    <UnitTest name="LeftBoundaryTest" storage="c:\users\josh\desktop\team12\team12\projectcow\projectcowtest\bin\debug\projectcowtest.dll" id="c339b4fb-778d-3306-7ea2-4edf321d3414">
      <Execution id="56defe4f-f4d3-4810-b22b-e4ebfb2ed97d" />
      <TestMethod codeBase="C:/Users/Josh/Desktop/Team12/Team12/ProjectCow/ProjectCowTest/bin/Debug/ProjectCowTest.DLL" adapterTypeName="Microsoft.VisualStudio.TestTools.TestTypes.Unit.UnitTestAdapter, Microsoft.VisualStudio.QualityTools.Tips.UnitTest.Adapter, Version=10.0.0.0, Culture=neutral, PublicKeyToken=b03f5f7f11d50a3a" className="ProjectCowTest.SpaceshipTest, ProjectCowTest, Version=1.0.0.0, Culture=neutral, PublicKeyToken=null" name="LeftBoundaryTest" />
    </UnitTest>
    <UnitTest name="UpInputTest" storage="c:\users\josh\desktop\team12\team12\projectcow\projectcowtest\bin\debug\projectcowtest.dll" id="58550877-0f0d-0116-6cba-c9de52709a18">
      <Execution id="e153407d-24a9-44ef-aa7e-9c9ce0dfc437" />
      <TestMethod codeBase="C:/Users/Josh/Desktop/Team12/Team12/ProjectCow/ProjectCowTest/bin/Debug/ProjectCowTest.DLL" adapterTypeName="Microsoft.VisualStudio.TestTools.TestTypes.Unit.UnitTestAdapter, Microsoft.VisualStudio.QualityTools.Tips.UnitTest.Adapter, Version=10.0.0.0, Culture=neutral, PublicKeyToken=b03f5f7f11d50a3a" className="ProjectCowTest.SpaceshipInputManagerTest, ProjectCowTest, Version=1.0.0.0, Culture=neutral, PublicKeyToken=null" name="UpInputTest" />
    </UnitTest>
    <UnitTest name="MoveDownTest" storage="c:\users\josh\desktop\team12\team12\projectcow\projectcowtest\bin\debug\projectcowtest.dll" id="e238371f-898d-4127-1983-f6ab8f3b9c24">
      <Execution id="a5e131e3-bac5-4a9d-afd5-d0feefa62845" />
      <TestMethod codeBase="C:/Users/Josh/Desktop/Team12/Team12/ProjectCow/ProjectCowTest/bin/Debug/ProjectCowTest.DLL" adapterTypeName="Microsoft.VisualStudio.TestTools.TestTypes.Unit.UnitTestAdapter, Microsoft.VisualStudio.QualityTools.Tips.UnitTest.Adapter, Version=10.0.0.0, Culture=neutral, PublicKeyToken=b03f5f7f11d50a3a" className="ProjectCowTest.SpaceshipTest, ProjectCowTest, Version=1.0.0.0, Culture=neutral, PublicKeyToken=null" name="MoveDownTest" />
    </UnitTest>
  </TestDefinitions>
  <TestLists>
    <TestList name="Results Not in a List" id="8c84fa94-04c1-424b-9868-57a2d4851a1d" />
    <TestList name="All Loaded Results" id="19431567-8539-422a-85d7-44ee4e166bda" />
  </TestLists>
  <TestEntries>
    <TestEntry testId="0195d3d9-3842-082a-0a73-666702ddd1d4" executionId="2dd9760e-1fb8-424c-aefc-2e22b8827202" testListId="8c84fa94-04c1-424b-9868-57a2d4851a1d" />
    <TestEntry testId="533e95b8-8d46-b3dd-d0e5-99726e6d7faa" executionId="0deec46f-0bb7-47a7-9d97-1a0db29aed56" testListId="8c84fa94-04c1-424b-9868-57a2d4851a1d" />
    <TestEntry testId="58550877-0f0d-0116-6cba-c9de52709a18" executionId="e153407d-24a9-44ef-aa7e-9c9ce0dfc437" testListId="8c84fa94-04c1-424b-9868-57a2d4851a1d" />
    <TestEntry testId="5242c20b-7ba7-ea02-19d4-5f40234ca4f0" executionId="fa859e57-a4fc-427f-9989-a98b5447dff5" testListId="8c84fa94-04c1-424b-9868-57a2d4851a1d" />
    <TestEntry testId="5d5a6482-420d-43b8-2aa9-b23e025342d9" executionId="669b396e-04f4-403b-bc3b-a0299c910228" testListId="8c84fa94-04c1-424b-9868-57a2d4851a1d" />
    <TestEntry testId="d21f0c20-4809-e616-ccdf-616dc964b5c7" executionId="df937da4-1cd6-463a-93ee-ad37ce3dd6ed" testListId="8c84fa94-04c1-424b-9868-57a2d4851a1d" />
    <TestEntry testId="8f327921-6561-e5da-1949-9b8c6a98b8dc" executionId="c97fdeda-8e23-4ba2-b64e-2ab14f37dd4f" testListId="8c84fa94-04c1-424b-9868-57a2d4851a1d" />
    <TestEntry testId="462c57fc-d3b0-3ed4-1248-c27331ea02ed" executionId="cafee5d9-016c-416a-966b-443b2b704b0e" testListId="8c84fa94-04c1-424b-9868-57a2d4851a1d" />
    <TestEntry testId="e238371f-898d-4127-1983-f6ab8f3b9c24" executionId="a5e131e3-bac5-4a9d-afd5-d0feefa62845" testListId="8c84fa94-04c1-424b-9868-57a2d4851a1d" />
    <TestEntry testId="c339b4fb-778d-3306-7ea2-4edf321d3414" executionId="56defe4f-f4d3-4810-b22b-e4ebfb2ed97d" testListId="8c84fa94-04c1-424b-9868-57a2d4851a1d" />
    <TestEntry testId="929f2b1d-965a-da12-a9c6-365386852e1d" executionId="f616fe8e-2abf-4d94-9568-1181386bd8a5" testListId="8c84fa94-04c1-424b-9868-57a2d4851a1d" />
    <TestEntry testId="29e6c651-a0ee-5e25-292d-6af9fd614962" executionId="7f4ef5d0-57be-4219-9bc8-2492b987d24f" testListId="8c84fa94-04c1-424b-9868-57a2d4851a1d" />
    <TestEntry testId="062729d7-48ac-10b9-5b8f-9919b3e77005" executionId="6d1a6f3b-8790-4d09-a703-fe69d5ac1d6c" testListId="8c84fa94-04c1-424b-9868-57a2d4851a1d" />
  </TestEntries>
  <Results>
    <UnitTestResult executionId="2dd9760e-1fb8-424c-aefc-2e22b8827202" testId="0195d3d9-3842-082a-0a73-666702ddd1d4" testName="LeftInputTest" computerName="JOSH-PC" duration="00:00:00.0823912" startTime="2012-02-15T15:42:34.4710000-06:00" endTime="2012-02-15T15:42:35.7280000-06:00" testType="13cdc9d9-ddb5-4fa4-a97d-d965ccfc6d4b" outcome="Passed" testListId="8c84fa94-04c1-424b-9868-57a2d4851a1d" relativeResultsDirectory="2dd9760e-1fb8-424c-aefc-2e22b8827202">
    </UnitTestResult>
    <UnitTestResult executionId="0deec46f-0bb7-47a7-9d97-1a0db29aed56" testId="533e95b8-8d46-b3dd-d0e5-99726e6d7faa" testName="RightInputTest" computerName="JOSH-PC" duration="00:00:00.0010655" startTime="2012-02-15T15:42:35.8480000-06:00" endTime="2012-02-15T15:42:35.8740000-06:00" testType="13cdc9d9-ddb5-4fa4-a97d-d965ccfc6d4b" outcome="Passed" testListId="8c84fa94-04c1-424b-9868-57a2d4851a1d" relativeResultsDirectory="0deec46f-0bb7-47a7-9d97-1a0db29aed56">
    </UnitTestResult>
    <UnitTestResult executionId="e153407d-24a9-44ef-aa7e-9c9ce0dfc437" testId="58550877-0f0d-0116-6cba-c9de52709a18" testName="UpInputTest" computerName="JOSH-PC" duration="00:00:00.0013389" startTime="2012-02-15T15:42:35.8950000-06:00" endTime="2012-02-15T15:42:35.9100000-06:00" testType="13cdc9d9-ddb5-4fa4-a97d-d965ccfc6d4b" outcome="Passed" testListId="8c84fa94-04c1-424b-9868-57a2d4851a1d" relativeResultsDirectory="e153407d-24a9-44ef-aa7e-9c9ce0dfc437">
    </UnitTestResult>
    <UnitTestResult executionId="fa859e57-a4fc-427f-9989-a98b5447dff5" testId="5242c20b-7ba7-ea02-19d4-5f40234ca4f0" testName="DownInputTest" computerName="JOSH-PC" duration="00:00:00.0007613" startTime="2012-02-15T15:42:35.9290000-06:00" endTime="2012-02-15T15:42:35.9390000-06:00" testType="13cdc9d9-ddb5-4fa4-a97d-d965ccfc6d4b" outcome="Passed" testListId="8c84fa94-04c1-424b-9868-57a2d4851a1d" relativeResultsDirectory="fa859e57-a4fc-427f-9989-a98b5447dff5">
    </UnitTestResult>
    <UnitTestResult executionId="669b396e-04f4-403b-bc3b-a0299c910228" testId="5d5a6482-420d-43b8-2aa9-b23e025342d9" testName="ProcessSpaceInputTest" computerName="JOSH-PC" duration="00:00:00.0006887" startTime="2012-02-15T15:42:35.9500000-06:00" endTime="2012-02-15T15:42:35.9600000-06:00" testType="13cdc9d9-ddb5-4fa4-a97d-d965ccfc6d4b" outcome="Passed" testListId="8c84fa94-04c1-424b-9868-57a2d4851a1d" relativeResultsDirectory="669b396e-04f4-403b-bc3b-a0299c910228">
    </UnitTestResult>
    <UnitTestResult executionId="df937da4-1cd6-463a-93ee-ad37ce3dd6ed" testId="d21f0c20-4809-e616-ccdf-616dc964b5c7" testName="MoveLeftTest" computerName="JOSH-PC" duration="00:00:00.0003959" startTime="2012-02-15T15:42:35.9680000-06:00" endTime="2012-02-15T15:42:35.9780000-06:00" testType="13cdc9d9-ddb5-4fa4-a97d-d965ccfc6d4b" outcome="Passed" testListId="8c84fa94-04c1-424b-9868-57a2d4851a1d" relativeResultsDirectory="df937da4-1cd6-463a-93ee-ad37ce3dd6ed">
    </UnitTestResult>
    <UnitTestResult executionId="c97fdeda-8e23-4ba2-b64e-2ab14f37dd4f" testId="8f327921-6561-e5da-1949-9b8c6a98b8dc" testName="MoveRightTest" computerName="JOSH-PC" duration="00:00:00.0002951" startTime="2012-02-15T15:42:35.9870000-06:00" endTime="2012-02-15T15:42:35.9980000-06:00" testType="13cdc9d9-ddb5-4fa4-a97d-d965ccfc6d4b" outcome="Passed" testListId="8c84fa94-04c1-424b-9868-57a2d4851a1d" relativeResultsDirectory="c97fdeda-8e23-4ba2-b64e-2ab14f37dd4f">
    </UnitTestResult>
    <UnitTestResult executionId="cafee5d9-016c-416a-966b-443b2b704b0e" testId="462c57fc-d3b0-3ed4-1248-c27331ea02ed" testName="MoveUpTest" computerName="JOSH-PC" duration="00:00:00.0002982" startTime="2012-02-15T15:42:36.0060000-06:00" endTime="2012-02-15T15:42:36.0160000-06:00" testType="13cdc9d9-ddb5-4fa4-a97d-d965ccfc6d4b" outcome="Passed" testListId="8c84fa94-04c1-424b-9868-57a2d4851a1d" relativeResultsDirectory="cafee5d9-016c-416a-966b-443b2b704b0e">
    </UnitTestResult>
    <UnitTestResult executionId="a5e131e3-bac5-4a9d-afd5-d0feefa62845" testId="e238371f-898d-4127-1983-f6ab8f3b9c24" testName="MoveDownTest" computerName="JOSH-PC" duration="00:00:00.0003028" startTime="2012-02-15T15:42:36.0290000-06:00" endTime="2012-02-15T15:42:36.0400000-06:00" testType="13cdc9d9-ddb5-4fa4-a97d-d965ccfc6d4b" outcome="Passed" testListId="8c84fa94-04c1-424b-9868-57a2d4851a1d" relativeResultsDirectory="a5e131e3-bac5-4a9d-afd5-d0feefa62845">
    </UnitTestResult>
    <UnitTestResult executionId="56defe4f-f4d3-4810-b22b-e4ebfb2ed97d" testId="c339b4fb-778d-3306-7ea2-4edf321d3414" testName="LeftBoundaryTest" computerName="JOSH-PC" duration="00:00:00.0003959" startTime="2012-02-15T15:42:36.0490000-06:00" endTime="2012-02-15T15:42:36.0590000-06:00" testType="13cdc9d9-ddb5-4fa4-a97d-d965ccfc6d4b" outcome="Passed" testListId="8c84fa94-04c1-424b-9868-57a2d4851a1d" relativeResultsDirectory="56defe4f-f4d3-4810-b22b-e4ebfb2ed97d">
    </UnitTestResult>
    <UnitTestResult executionId="f616fe8e-2abf-4d94-9568-1181386bd8a5" testId="929f2b1d-965a-da12-a9c6-365386852e1d" testName="RightBoundaryTest" computerName="JOSH-PC" duration="00:00:00.0005561" startTime="2012-02-15T15:42:36.0670000-06:00" endTime="2012-02-15T15:42:36.0770000-06:00" testType="13cdc9d9-ddb5-4fa4-a97d-d965ccfc6d4b" outcome="Passed" testListId="8c84fa94-04c1-424b-9868-57a2d4851a1d" relativeResultsDirectory="f616fe8e-2abf-4d94-9568-1181386bd8a5">
    </UnitTestResult>
    <UnitTestResult executionId="7f4ef5d0-57be-4219-9bc8-2492b987d24f" testId="29e6c651-a0ee-5e25-292d-6af9fd614962" testName="TopBoundaryTest" computerName="JOSH-PC" duration="00:00:00.0004485" startTime="2012-02-15T15:42:36.0860000-06:00" endTime="2012-02-15T15:42:36.0980000-06:00" testType="13cdc9d9-ddb5-4fa4-a97d-d965ccfc6d4b" outcome="Passed" testListId="8c84fa94-04c1-424b-9868-57a2d4851a1d" relativeResultsDirectory="7f4ef5d0-57be-4219-9bc8-2492b987d24f">
    </UnitTestResult>
    <UnitTestResult executionId="6d1a6f3b-8790-4d09-a703-fe69d5ac1d6c" testId="062729d7-48ac-10b9-5b8f-9919b3e77005" testName="BottomBoundaryTest" computerName="JOSH-PC" duration="00:00:00.0005756" startTime="2012-02-15T15:42:36.1080000-06:00" endTime="2012-02-15T15:42:36.1180000-06:00" testType="13cdc9d9-ddb5-4fa4-a97d-d965ccfc6d4b" outcome="Passed" testListId="8c84fa94-04c1-424b-9868-57a2d4851a1d" relativeResultsDirectory="6d1a6f3b-8790-4d09-a703-fe69d5ac1d6c">
    </UnitTestResult>
  </Results>
</TestRun>