<?xml version="1.0" encoding="UTF-8"?>
<TestRun id="07c77df9-0c3c-401c-b75c-490a5d5b9580" name="Sazan@VIETBEASTLAPTOP 2012-02-10 01:08:28" runUser="VietBeastLaptop\Sazan" xmlns="http://microsoft.com/schemas/VisualStudio/TeamTest/2010">
  <TestSettings name="Local" id="0cf157e1-6e26-4dd6-8238-f2896789c664">
    <Description>These are default test settings for a local test run.</Description>
    <Deployment enabled="false" runDeploymentRoot="Sazan_VIETBEASTLAPTOP 2012-02-10 01_08_28">
      <DeploymentItem filename="C:\Users\Sazan\Documents\Projects\Visual Studio\General\ProjectCow\ProjectCow\ProjectCow\bin\x86\Debug\ProjectCow.exe" />
    </Deployment>
    <Execution>
      <TestTypeSpecific />
      <AgentRule name="Execution Agents">
      </AgentRule>
    </Execution>
  </TestSettings>
  <Times creation="2012-02-10T01:08:28.0874899-06:00" queuing="2012-02-10T01:08:28.8455332-06:00" start="2012-02-10T01:08:28.9015364-06:00" finish="2012-02-10T01:08:29.6625800-06:00" />
  <ResultSummary outcome="Completed">
    <Counters total="2" executed="2" passed="2" error="0" failed="0" timeout="0" aborted="0" inconclusive="0" passedButRunAborted="0" notRunnable="0" notExecuted="0" disconnected="0" warning="0" completed="0" inProgress="0" pending="0" />
  </ResultSummary>
  <TestDefinitions>
    <UnitTest name="MoveLeftTest" storage="c:\users\sazan\documents\projects\visual studio\general\projectcow\projectcowtest\bin\debug\projectcowtest.dll" id="d21f0c20-4809-e616-ccdf-616dc964b5c7">
      <Execution id="886918cf-c12d-44a7-afb6-1149a95e8328" />
      <TestMethod codeBase="C:/Users/Sazan/Documents/Projects/Visual Studio/General/ProjectCow/ProjectCowTest/bin/Debug/ProjectCowTest.DLL" adapterTypeName="Microsoft.VisualStudio.TestTools.TestTypes.Unit.UnitTestAdapter, Microsoft.VisualStudio.QualityTools.Tips.UnitTest.Adapter, Version=10.0.0.0, Culture=neutral, PublicKeyToken=b03f5f7f11d50a3a" className="ProjectCowTest.SpaceshipTest, ProjectCowTest, Version=1.0.0.0, Culture=neutral, PublicKeyToken=null" name="MoveLeftTest" />
    </UnitTest>
    <UnitTest name="MoveRightTest" storage="c:\users\sazan\documents\projects\visual studio\general\projectcow\projectcowtest\bin\debug\projectcowtest.dll" id="8f327921-6561-e5da-1949-9b8c6a98b8dc">
      <Execution id="5cc14bf3-98a2-4353-b7f1-514e83e1cbd0" />
      <TestMethod codeBase="C:/Users/Sazan/Documents/Projects/Visual Studio/General/ProjectCow/ProjectCowTest/bin/Debug/ProjectCowTest.DLL" adapterTypeName="Microsoft.VisualStudio.TestTools.TestTypes.Unit.UnitTestAdapter, Microsoft.VisualStudio.QualityTools.Tips.UnitTest.Adapter, Version=10.0.0.0, Culture=neutral, PublicKeyToken=b03f5f7f11d50a3a" className="ProjectCowTest.SpaceshipTest, ProjectCowTest, Version=1.0.0.0, Culture=neutral, PublicKeyToken=null" name="MoveRightTest" />
    </UnitTest>
  </TestDefinitions>
  <TestLists>
    <TestList name="Results Not in a List" id="8c84fa94-04c1-424b-9868-57a2d4851a1d" />
    <TestList name="All Loaded Results" id="19431567-8539-422a-85d7-44ee4e166bda" />
  </TestLists>
  <TestEntries>
    <TestEntry testId="d21f0c20-4809-e616-ccdf-616dc964b5c7" executionId="886918cf-c12d-44a7-afb6-1149a95e8328" testListId="8c84fa94-04c1-424b-9868-57a2d4851a1d" />
    <TestEntry testId="8f327921-6561-e5da-1949-9b8c6a98b8dc" executionId="5cc14bf3-98a2-4353-b7f1-514e83e1cbd0" testListId="8c84fa94-04c1-424b-9868-57a2d4851a1d" />
  </TestEntries>
  <Results>
    <UnitTestResult executionId="886918cf-c12d-44a7-afb6-1149a95e8328" testId="d21f0c20-4809-e616-ccdf-616dc964b5c7" testName="MoveLeftTest" computerName="VIETBEASTLAPTOP" duration="00:00:00.0605341" startTime="2012-02-10T01:08:28.9315382-06:00" endTime="2012-02-10T01:08:29.5975763-06:00" testType="13cdc9d9-ddb5-4fa4-a97d-d965ccfc6d4b" outcome="Passed" testListId="8c84fa94-04c1-424b-9868-57a2d4851a1d" relativeResultsDirectory="886918cf-c12d-44a7-afb6-1149a95e8328">
    </UnitTestResult>
    <UnitTestResult executionId="5cc14bf3-98a2-4353-b7f1-514e83e1cbd0" testId="8f327921-6561-e5da-1949-9b8c6a98b8dc" testName="MoveRightTest" computerName="VIETBEASTLAPTOP" duration="00:00:00.0003676" startTime="2012-02-10T01:08:29.6055767-06:00" endTime="2012-02-10T01:08:29.6105770-06:00" testType="13cdc9d9-ddb5-4fa4-a97d-d965ccfc6d4b" outcome="Passed" testListId="8c84fa94-04c1-424b-9868-57a2d4851a1d" relativeResultsDirectory="5cc14bf3-98a2-4353-b7f1-514e83e1cbd0">
    </UnitTestResult>
  </Results>
</TestRun>