<?xml version="1.0" encoding="UTF-8"?>
<TestRun id="1d3e67e7-9eea-4260-aa65-97654a19011d" name="Sazan@VIETBEASTLAPTOP 2012-02-14 04:01:09" runUser="VietBeastLaptop\Sazan" xmlns="http://microsoft.com/schemas/VisualStudio/TeamTest/2010">
  <TestSettings name="Local" id="0cf157e1-6e26-4dd6-8238-f2896789c664">
    <Description>These are default test settings for a local test run.</Description>
    <Deployment enabled="false" runDeploymentRoot="Sazan_VIETBEASTLAPTOP 2012-02-14 04_01_09">
      <DeploymentItem filename="C:\Users\Sazan\Documents\Projects\Visual Studio\General\ProjectCow\ProjectCow\ProjectCow\bin\x86\Debug\ProjectCow.exe" />
    </Deployment>
    <Execution>
      <TestTypeSpecific />
      <AgentRule name="Execution Agents">
      </AgentRule>
    </Execution>
  </TestSettings>
  <Times creation="2012-02-14T04:01:09.6635791-06:00" queuing="2012-02-14T04:01:10.4476240-06:00" start="2012-02-14T04:01:10.5066274-06:00" finish="2012-02-14T04:01:25.8795066-06:00" />
  <ResultSummary outcome="Error">
    <Counters total="8" executed="8" passed="7" error="0" failed="0" timeout="0" aborted="1" inconclusive="0" passedButRunAborted="0" notRunnable="0" notExecuted="0" disconnected="0" warning="0" completed="0" inProgress="0" pending="0" />
    <RunInfos>
      <RunInfo computerName="VIETBEASTLAPTOP" outcome="Error" timestamp="2012-02-14T04:01:25.8785066-06:00">
        <Text>Test host process exited unexpectedly.</Text>
      </RunInfo>
    </RunInfos>
  </ResultSummary>
  <TestDefinitions>
    <UnitTest name="MoveDownTest" storage="c:\users\sazan\documents\projects\visual studio\general\projectcow\projectcowtest\bin\debug\projectcowtest.dll" id="e238371f-898d-4127-1983-f6ab8f3b9c24">
      <Execution id="9911a210-4dd7-46ec-932d-ced0921255b4" />
      <TestMethod codeBase="C:/Users/Sazan/Documents/Projects/Visual Studio/General/ProjectCow/ProjectCowTest/bin/Debug/ProjectCowTest.DLL" adapterTypeName="Microsoft.VisualStudio.TestTools.TestTypes.Unit.UnitTestAdapter, Microsoft.VisualStudio.QualityTools.Tips.UnitTest.Adapter, Version=10.0.0.0, Culture=neutral, PublicKeyToken=b03f5f7f11d50a3a" className="ProjectCowTest.SpaceshipTest, ProjectCowTest, Version=1.0.0.0, Culture=neutral, PublicKeyToken=null" name="MoveDownTest" />
    </UnitTest>
    <UnitTest name="ProcessUpInputTest" storage="c:\users\sazan\documents\projects\visual studio\general\projectcow\projectcowtest\bin\debug\projectcowtest.dll" id="322579d5-724a-e283-0bb0-fbe3b0158b76">
      <Execution id="02d6520d-0cbf-451b-b9f2-0d89db655f1d" />
      <TestMethod codeBase="C:/Users/Sazan/Documents/Projects/Visual Studio/General/ProjectCow/ProjectCowTest/bin/Debug/ProjectCowTest.DLL" adapterTypeName="Microsoft.VisualStudio.TestTools.TestTypes.Unit.UnitTestAdapter, Microsoft.VisualStudio.QualityTools.Tips.UnitTest.Adapter, Version=10.0.0.0, Culture=neutral, PublicKeyToken=b03f5f7f11d50a3a" className="ProjectCowTest.SpaceshipTest, ProjectCowTest, Version=1.0.0.0, Culture=neutral, PublicKeyToken=null" name="ProcessUpInputTest" />
    </UnitTest>
    <UnitTest name="MoveLeftTest" storage="c:\users\sazan\documents\projects\visual studio\general\projectcow\projectcowtest\bin\debug\projectcowtest.dll" id="d21f0c20-4809-e616-ccdf-616dc964b5c7">
      <Execution id="ceff45e3-9bcb-4306-9340-2798855d6f87" />
      <TestMethod codeBase="C:/Users/Sazan/Documents/Projects/Visual Studio/General/ProjectCow/ProjectCowTest/bin/Debug/ProjectCowTest.DLL" adapterTypeName="Microsoft.VisualStudio.TestTools.TestTypes.Unit.UnitTestAdapter, Microsoft.VisualStudio.QualityTools.Tips.UnitTest.Adapter, Version=10.0.0.0, Culture=neutral, PublicKeyToken=b03f5f7f11d50a3a" className="ProjectCowTest.SpaceshipTest, ProjectCowTest, Version=1.0.0.0, Culture=neutral, PublicKeyToken=null" name="MoveLeftTest" />
    </UnitTest>
    <UnitTest name="ProcessDownInputTest" storage="c:\users\sazan\documents\projects\visual studio\general\projectcow\projectcowtest\bin\debug\projectcowtest.dll" id="d5a35228-f171-a1a5-77f4-97a4d3808b67">
      <Execution id="49bd09e9-1666-4dbf-85eb-d6fa0cdd5938" />
      <TestMethod codeBase="C:/Users/Sazan/Documents/Projects/Visual Studio/General/ProjectCow/ProjectCowTest/bin/Debug/ProjectCowTest.DLL" adapterTypeName="Microsoft.VisualStudio.TestTools.TestTypes.Unit.UnitTestAdapter, Microsoft.VisualStudio.QualityTools.Tips.UnitTest.Adapter, Version=10.0.0.0, Culture=neutral, PublicKeyToken=b03f5f7f11d50a3a" className="ProjectCowTest.SpaceshipTest, ProjectCowTest, Version=1.0.0.0, Culture=neutral, PublicKeyToken=null" name="ProcessDownInputTest" />
    </UnitTest>
    <UnitTest name="ProcessRightInputTest" storage="c:\users\sazan\documents\projects\visual studio\general\projectcow\projectcowtest\bin\debug\projectcowtest.dll" id="2665cd88-0838-e1de-bed1-5898a7eed443">
      <Execution id="6f9079f5-de88-4c62-ae5a-c3970aef61eb" />
      <TestMethod codeBase="C:/Users/Sazan/Documents/Projects/Visual Studio/General/ProjectCow/ProjectCowTest/bin/Debug/ProjectCowTest.DLL" adapterTypeName="Microsoft.VisualStudio.TestTools.TestTypes.Unit.UnitTestAdapter, Microsoft.VisualStudio.QualityTools.Tips.UnitTest.Adapter, Version=10.0.0.0, Culture=neutral, PublicKeyToken=b03f5f7f11d50a3a" className="ProjectCowTest.SpaceshipTest, ProjectCowTest, Version=1.0.0.0, Culture=neutral, PublicKeyToken=null" name="ProcessRightInputTest" />
    </UnitTest>
    <UnitTest name="MoveRightTest" storage="c:\users\sazan\documents\projects\visual studio\general\projectcow\projectcowtest\bin\debug\projectcowtest.dll" id="8f327921-6561-e5da-1949-9b8c6a98b8dc">
      <Execution id="65c0f970-6f87-4617-a561-239ffaf962b9" />
      <TestMethod codeBase="C:/Users/Sazan/Documents/Projects/Visual Studio/General/ProjectCow/ProjectCowTest/bin/Debug/ProjectCowTest.DLL" adapterTypeName="Microsoft.VisualStudio.TestTools.TestTypes.Unit.UnitTestAdapter, Microsoft.VisualStudio.QualityTools.Tips.UnitTest.Adapter, Version=10.0.0.0, Culture=neutral, PublicKeyToken=b03f5f7f11d50a3a" className="ProjectCowTest.SpaceshipTest, ProjectCowTest, Version=1.0.0.0, Culture=neutral, PublicKeyToken=null" name="MoveRightTest" />
    </UnitTest>
    <UnitTest name="MoveUpTest" storage="c:\users\sazan\documents\projects\visual studio\general\projectcow\projectcowtest\bin\debug\projectcowtest.dll" id="462c57fc-d3b0-3ed4-1248-c27331ea02ed">
      <Execution id="13430f58-3b6f-4b68-b9fa-a60f36dbeed9" />
      <TestMethod codeBase="C:/Users/Sazan/Documents/Projects/Visual Studio/General/ProjectCow/ProjectCowTest/bin/Debug/ProjectCowTest.DLL" adapterTypeName="Microsoft.VisualStudio.TestTools.TestTypes.Unit.UnitTestAdapter, Microsoft.VisualStudio.QualityTools.Tips.UnitTest.Adapter, Version=10.0.0.0, Culture=neutral, PublicKeyToken=b03f5f7f11d50a3a" className="ProjectCowTest.SpaceshipTest, ProjectCowTest, Version=1.0.0.0, Culture=neutral, PublicKeyToken=null" name="MoveUpTest" />
    </UnitTest>
    <UnitTest name="ProcessLeftInputTest" storage="c:\users\sazan\documents\projects\visual studio\general\projectcow\projectcowtest\bin\debug\projectcowtest.dll" id="4627ecc7-fc3c-a4cb-33f2-71102ed8b3f7">
      <Execution id="4b4014c9-ed8b-4179-af88-29e43ee65fbd" />
      <TestMethod codeBase="C:/Users/Sazan/Documents/Projects/Visual Studio/General/ProjectCow/ProjectCowTest/bin/Debug/ProjectCowTest.DLL" adapterTypeName="Microsoft.VisualStudio.TestTools.TestTypes.Unit.UnitTestAdapter, Microsoft.VisualStudio.QualityTools.Tips.UnitTest.Adapter, Version=10.0.0.0, Culture=neutral, PublicKeyToken=b03f5f7f11d50a3a" className="ProjectCowTest.SpaceshipTest, ProjectCowTest, Version=1.0.0.0, Culture=neutral, PublicKeyToken=null" name="ProcessLeftInputTest" />
    </UnitTest>
  </TestDefinitions>
  <TestLists>
    <TestList name="Results Not in a List" id="8c84fa94-04c1-424b-9868-57a2d4851a1d" />
    <TestList name="All Loaded Results" id="19431567-8539-422a-85d7-44ee4e166bda" />
  </TestLists>
  <TestEntries>
    <TestEntry testId="d21f0c20-4809-e616-ccdf-616dc964b5c7" executionId="ceff45e3-9bcb-4306-9340-2798855d6f87" testListId="8c84fa94-04c1-424b-9868-57a2d4851a1d" />
    <TestEntry testId="8f327921-6561-e5da-1949-9b8c6a98b8dc" executionId="65c0f970-6f87-4617-a561-239ffaf962b9" testListId="8c84fa94-04c1-424b-9868-57a2d4851a1d" />
    <TestEntry testId="462c57fc-d3b0-3ed4-1248-c27331ea02ed" executionId="13430f58-3b6f-4b68-b9fa-a60f36dbeed9" testListId="8c84fa94-04c1-424b-9868-57a2d4851a1d" />
    <TestEntry testId="e238371f-898d-4127-1983-f6ab8f3b9c24" executionId="9911a210-4dd7-46ec-932d-ced0921255b4" testListId="8c84fa94-04c1-424b-9868-57a2d4851a1d" />
    <TestEntry testId="4627ecc7-fc3c-a4cb-33f2-71102ed8b3f7" executionId="4b4014c9-ed8b-4179-af88-29e43ee65fbd" testListId="8c84fa94-04c1-424b-9868-57a2d4851a1d" />
    <TestEntry testId="2665cd88-0838-e1de-bed1-5898a7eed443" executionId="6f9079f5-de88-4c62-ae5a-c3970aef61eb" testListId="8c84fa94-04c1-424b-9868-57a2d4851a1d" />
    <TestEntry testId="322579d5-724a-e283-0bb0-fbe3b0158b76" executionId="02d6520d-0cbf-451b-b9f2-0d89db655f1d" testListId="8c84fa94-04c1-424b-9868-57a2d4851a1d" />
    <TestEntry testId="d5a35228-f171-a1a5-77f4-97a4d3808b67" executionId="49bd09e9-1666-4dbf-85eb-d6fa0cdd5938" testListId="8c84fa94-04c1-424b-9868-57a2d4851a1d" />
  </TestEntries>
  <Results>
    <UnitTestResult executionId="ceff45e3-9bcb-4306-9340-2798855d6f87" testId="d21f0c20-4809-e616-ccdf-616dc964b5c7" testName="MoveLeftTest" computerName="VIETBEASTLAPTOP" duration="00:00:00.0604677" startTime="2012-02-14T04:01:10.5406293-06:00" endTime="2012-02-14T04:01:11.2016671-06:00" testType="13cdc9d9-ddb5-4fa4-a97d-d965ccfc6d4b" outcome="Passed" testListId="8c84fa94-04c1-424b-9868-57a2d4851a1d" relativeResultsDirectory="ceff45e3-9bcb-4306-9340-2798855d6f87">
    </UnitTestResult>
    <UnitTestResult executionId="65c0f970-6f87-4617-a561-239ffaf962b9" testId="8f327921-6561-e5da-1949-9b8c6a98b8dc" testName="MoveRightTest" computerName="VIETBEASTLAPTOP" duration="00:00:00.0003522" startTime="2012-02-14T04:01:11.2076675-06:00" endTime="2012-02-14T04:01:11.2126677-06:00" testType="13cdc9d9-ddb5-4fa4-a97d-d965ccfc6d4b" outcome="Passed" testListId="8c84fa94-04c1-424b-9868-57a2d4851a1d" relativeResultsDirectory="65c0f970-6f87-4617-a561-239ffaf962b9">
    </UnitTestResult>
    <UnitTestResult executionId="13430f58-3b6f-4b68-b9fa-a60f36dbeed9" testId="462c57fc-d3b0-3ed4-1248-c27331ea02ed" testName="MoveUpTest" computerName="VIETBEASTLAPTOP" duration="00:00:00.0003433" startTime="2012-02-14T04:01:11.2186681-06:00" endTime="2012-02-14T04:01:11.2236684-06:00" testType="13cdc9d9-ddb5-4fa4-a97d-d965ccfc6d4b" outcome="Passed" testListId="8c84fa94-04c1-424b-9868-57a2d4851a1d" relativeResultsDirectory="13430f58-3b6f-4b68-b9fa-a60f36dbeed9">
    </UnitTestResult>
    <UnitTestResult executionId="9911a210-4dd7-46ec-932d-ced0921255b4" testId="e238371f-898d-4127-1983-f6ab8f3b9c24" testName="MoveDownTest" computerName="VIETBEASTLAPTOP" duration="00:00:00.0003489" startTime="2012-02-14T04:01:11.2296687-06:00" endTime="2012-02-14T04:01:11.2336689-06:00" testType="13cdc9d9-ddb5-4fa4-a97d-d965ccfc6d4b" outcome="Passed" testListId="8c84fa94-04c1-424b-9868-57a2d4851a1d" relativeResultsDirectory="9911a210-4dd7-46ec-932d-ced0921255b4">
    </UnitTestResult>
    <UnitTestResult executionId="4b4014c9-ed8b-4179-af88-29e43ee65fbd" testId="4627ecc7-fc3c-a4cb-33f2-71102ed8b3f7" testName="ProcessLeftInputTest" computerName="VIETBEASTLAPTOP" duration="00:00:00.0022018" startTime="2012-02-14T04:01:11.2386692-06:00" endTime="2012-02-14T04:01:11.2446696-06:00" testType="13cdc9d9-ddb5-4fa4-a97d-d965ccfc6d4b" outcome="Passed" testListId="8c84fa94-04c1-424b-9868-57a2d4851a1d" relativeResultsDirectory="4b4014c9-ed8b-4179-af88-29e43ee65fbd">
    </UnitTestResult>
    <UnitTestResult executionId="6f9079f5-de88-4c62-ae5a-c3970aef61eb" testId="2665cd88-0838-e1de-bed1-5898a7eed443" testName="ProcessRightInputTest" computerName="VIETBEASTLAPTOP" duration="00:00:00.0003111" startTime="2012-02-14T04:01:11.2476697-06:00" endTime="2012-02-14T04:01:11.2516700-06:00" testType="13cdc9d9-ddb5-4fa4-a97d-d965ccfc6d4b" outcome="Passed" testListId="8c84fa94-04c1-424b-9868-57a2d4851a1d" relativeResultsDirectory="6f9079f5-de88-4c62-ae5a-c3970aef61eb">
    </UnitTestResult>
    <UnitTestResult executionId="02d6520d-0cbf-451b-b9f2-0d89db655f1d" testId="322579d5-724a-e283-0bb0-fbe3b0158b76" testName="ProcessUpInputTest" computerName="VIETBEASTLAPTOP" duration="00:00:00.0003284" startTime="2012-02-14T04:01:11.2556702-06:00" endTime="2012-02-14T04:01:11.2606705-06:00" testType="13cdc9d9-ddb5-4fa4-a97d-d965ccfc6d4b" outcome="Passed" testListId="8c84fa94-04c1-424b-9868-57a2d4851a1d" relativeResultsDirectory="02d6520d-0cbf-451b-b9f2-0d89db655f1d">
    </UnitTestResult>
    <UnitTestResult executionId="49bd09e9-1666-4dbf-85eb-d6fa0cdd5938" testId="d5a35228-f171-a1a5-77f4-97a4d3808b67" testName="ProcessDownInputTest" computerName="VIETBEASTLAPTOP" duration="00:00:14.6118358" startTime="2012-02-14T04:01:11.2666708-06:00" endTime="2012-02-14T04:01:25.8785066-06:00" testType="13cdc9d9-ddb5-4fa4-a97d-d965ccfc6d4b" outcome="Aborted" testListId="8c84fa94-04c1-424b-9868-57a2d4851a1d" relativeResultsDirectory="49bd09e9-1666-4dbf-85eb-d6fa0cdd5938">
    </UnitTestResult>
  </Results>
</TestRun>