<?xml version="1.0" encoding="UTF-8"?>
<TestRun id="ecef1d63-2315-4e67-b74f-8175c71d7599" name="Sazan@VIETBEASTLAPTOP 2012-02-14 04:07:36" runUser="VietBeastLaptop\Sazan" xmlns="http://microsoft.com/schemas/VisualStudio/TeamTest/2010">
  <TestSettings name="Local" id="0cf157e1-6e26-4dd6-8238-f2896789c664">
    <Description>These are default test settings for a local test run.</Description>
    <Deployment enabled="false" runDeploymentRoot="Sazan_VIETBEASTLAPTOP 2012-02-14 04_07_36">
      <DeploymentItem filename="C:\Users\Sazan\Documents\Projects\Visual Studio\General\ProjectCow\ProjectCow\ProjectCow\bin\x86\Debug\ProjectCow.exe" />
    </Deployment>
    <Execution>
      <TestTypeSpecific />
      <AgentRule name="Execution Agents">
      </AgentRule>
    </Execution>
  </TestSettings>
  <Times creation="2012-02-14T04:07:36.7917216-06:00" queuing="2012-02-14T04:07:51.5275644-06:00" start="2012-02-14T04:07:51.5895680-06:00" finish="2012-02-14T04:07:52.4666182-06:00" />
  <ResultSummary outcome="Completed">
    <Counters total="10" executed="10" passed="10" error="0" failed="0" timeout="0" aborted="0" inconclusive="0" passedButRunAborted="0" notRunnable="0" notExecuted="0" disconnected="0" warning="0" completed="0" inProgress="0" pending="0" />
  </ResultSummary>
  <TestDefinitions>
    <UnitTest name="MoveDownTest" storage="c:\users\sazan\documents\projects\visual studio\general\projectcow\projectcowtest\bin\debug\projectcowtest.dll" id="e238371f-898d-4127-1983-f6ab8f3b9c24">
      <Execution id="9ed630e2-54d2-4dc6-bb19-e02c13698351" />
      <TestMethod codeBase="C:/Users/Sazan/Documents/Projects/Visual Studio/General/ProjectCow/ProjectCowTest/bin/Debug/ProjectCowTest.DLL" adapterTypeName="Microsoft.VisualStudio.TestTools.TestTypes.Unit.UnitTestAdapter, Microsoft.VisualStudio.QualityTools.Tips.UnitTest.Adapter, Version=10.0.0.0, Culture=neutral, PublicKeyToken=b03f5f7f11d50a3a" className="ProjectCowTest.SpaceshipTest, ProjectCowTest, Version=1.0.0.0, Culture=neutral, PublicKeyToken=null" name="MoveDownTest" />
    </UnitTest>
    <UnitTest name="ProcessSpaceInputTest" storage="c:\users\sazan\documents\projects\visual studio\general\projectcow\projectcowtest\bin\debug\projectcowtest.dll" id="971df8d3-5efd-0f8b-84a8-29f8bc1a6742">
      <Execution id="2e316579-9fa6-4813-912f-a67578efde67" />
      <TestMethod codeBase="C:/Users/Sazan/Documents/Projects/Visual Studio/General/ProjectCow/ProjectCowTest/bin/Debug/ProjectCowTest.DLL" adapterTypeName="Microsoft.VisualStudio.TestTools.TestTypes.Unit.UnitTestAdapter, Microsoft.VisualStudio.QualityTools.Tips.UnitTest.Adapter, Version=10.0.0.0, Culture=neutral, PublicKeyToken=b03f5f7f11d50a3a" className="ProjectCowTest.SpaceshipTest, ProjectCowTest, Version=1.0.0.0, Culture=neutral, PublicKeyToken=null" name="ProcessSpaceInputTest" />
    </UnitTest>
    <UnitTest name="TurnOffTractorBeamTest" storage="c:\users\sazan\documents\projects\visual studio\general\projectcow\projectcowtest\bin\debug\projectcowtest.dll" id="22ef2ff0-bcb5-d630-d8e8-3b923aebe57c">
      <Execution id="92703b6b-3a09-423e-97a8-d91ffacb0a9d" />
      <TestMethod codeBase="C:/Users/Sazan/Documents/Projects/Visual Studio/General/ProjectCow/ProjectCowTest/bin/Debug/ProjectCowTest.DLL" adapterTypeName="Microsoft.VisualStudio.TestTools.TestTypes.Unit.UnitTestAdapter, Microsoft.VisualStudio.QualityTools.Tips.UnitTest.Adapter, Version=10.0.0.0, Culture=neutral, PublicKeyToken=b03f5f7f11d50a3a" className="ProjectCowTest.SpaceshipTest, ProjectCowTest, Version=1.0.0.0, Culture=neutral, PublicKeyToken=null" name="TurnOffTractorBeamTest" />
    </UnitTest>
    <UnitTest name="ProcessUpInputTest" storage="c:\users\sazan\documents\projects\visual studio\general\projectcow\projectcowtest\bin\debug\projectcowtest.dll" id="322579d5-724a-e283-0bb0-fbe3b0158b76">
      <Execution id="e43197e9-5d80-4fd2-bb18-043c6791b3a4" />
      <TestMethod codeBase="C:/Users/Sazan/Documents/Projects/Visual Studio/General/ProjectCow/ProjectCowTest/bin/Debug/ProjectCowTest.DLL" adapterTypeName="Microsoft.VisualStudio.TestTools.TestTypes.Unit.UnitTestAdapter, Microsoft.VisualStudio.QualityTools.Tips.UnitTest.Adapter, Version=10.0.0.0, Culture=neutral, PublicKeyToken=b03f5f7f11d50a3a" className="ProjectCowTest.SpaceshipTest, ProjectCowTest, Version=1.0.0.0, Culture=neutral, PublicKeyToken=null" name="ProcessUpInputTest" />
    </UnitTest>
    <UnitTest name="MoveLeftTest" storage="c:\users\sazan\documents\projects\visual studio\general\projectcow\projectcowtest\bin\debug\projectcowtest.dll" id="d21f0c20-4809-e616-ccdf-616dc964b5c7">
      <Execution id="e237cfb8-c5c5-4cbe-b0e9-f47f06b6cefe" />
      <TestMethod codeBase="C:/Users/Sazan/Documents/Projects/Visual Studio/General/ProjectCow/ProjectCowTest/bin/Debug/ProjectCowTest.DLL" adapterTypeName="Microsoft.VisualStudio.TestTools.TestTypes.Unit.UnitTestAdapter, Microsoft.VisualStudio.QualityTools.Tips.UnitTest.Adapter, Version=10.0.0.0, Culture=neutral, PublicKeyToken=b03f5f7f11d50a3a" className="ProjectCowTest.SpaceshipTest, ProjectCowTest, Version=1.0.0.0, Culture=neutral, PublicKeyToken=null" name="MoveLeftTest" />
    </UnitTest>
    <UnitTest name="ProcessDownInputTest" storage="c:\users\sazan\documents\projects\visual studio\general\projectcow\projectcowtest\bin\debug\projectcowtest.dll" id="d5a35228-f171-a1a5-77f4-97a4d3808b67">
      <Execution id="ef73cc92-6226-4d21-9bf8-957634d1cd5f" />
      <TestMethod codeBase="C:/Users/Sazan/Documents/Projects/Visual Studio/General/ProjectCow/ProjectCowTest/bin/Debug/ProjectCowTest.DLL" adapterTypeName="Microsoft.VisualStudio.TestTools.TestTypes.Unit.UnitTestAdapter, Microsoft.VisualStudio.QualityTools.Tips.UnitTest.Adapter, Version=10.0.0.0, Culture=neutral, PublicKeyToken=b03f5f7f11d50a3a" className="ProjectCowTest.SpaceshipTest, ProjectCowTest, Version=1.0.0.0, Culture=neutral, PublicKeyToken=null" name="ProcessDownInputTest" />
    </UnitTest>
    <UnitTest name="ProcessRightInputTest" storage="c:\users\sazan\documents\projects\visual studio\general\projectcow\projectcowtest\bin\debug\projectcowtest.dll" id="2665cd88-0838-e1de-bed1-5898a7eed443">
      <Execution id="a5bc51a7-2bbd-4d1f-932e-ee777fb367a5" />
      <TestMethod codeBase="C:/Users/Sazan/Documents/Projects/Visual Studio/General/ProjectCow/ProjectCowTest/bin/Debug/ProjectCowTest.DLL" adapterTypeName="Microsoft.VisualStudio.TestTools.TestTypes.Unit.UnitTestAdapter, Microsoft.VisualStudio.QualityTools.Tips.UnitTest.Adapter, Version=10.0.0.0, Culture=neutral, PublicKeyToken=b03f5f7f11d50a3a" className="ProjectCowTest.SpaceshipTest, ProjectCowTest, Version=1.0.0.0, Culture=neutral, PublicKeyToken=null" name="ProcessRightInputTest" />
    </UnitTest>
    <UnitTest name="MoveRightTest" storage="c:\users\sazan\documents\projects\visual studio\general\projectcow\projectcowtest\bin\debug\projectcowtest.dll" id="8f327921-6561-e5da-1949-9b8c6a98b8dc">
      <Execution id="04c801d7-6cd6-4b3f-ab55-db712c9478da" />
      <TestMethod codeBase="C:/Users/Sazan/Documents/Projects/Visual Studio/General/ProjectCow/ProjectCowTest/bin/Debug/ProjectCowTest.DLL" adapterTypeName="Microsoft.VisualStudio.TestTools.TestTypes.Unit.UnitTestAdapter, Microsoft.VisualStudio.QualityTools.Tips.UnitTest.Adapter, Version=10.0.0.0, Culture=neutral, PublicKeyToken=b03f5f7f11d50a3a" className="ProjectCowTest.SpaceshipTest, ProjectCowTest, Version=1.0.0.0, Culture=neutral, PublicKeyToken=null" name="MoveRightTest" />
    </UnitTest>
    <UnitTest name="MoveUpTest" storage="c:\users\sazan\documents\projects\visual studio\general\projectcow\projectcowtest\bin\debug\projectcowtest.dll" id="462c57fc-d3b0-3ed4-1248-c27331ea02ed">
      <Execution id="ef5a71a4-6185-4572-a308-a026bd03ee07" />
      <TestMethod codeBase="C:/Users/Sazan/Documents/Projects/Visual Studio/General/ProjectCow/ProjectCowTest/bin/Debug/ProjectCowTest.DLL" adapterTypeName="Microsoft.VisualStudio.TestTools.TestTypes.Unit.UnitTestAdapter, Microsoft.VisualStudio.QualityTools.Tips.UnitTest.Adapter, Version=10.0.0.0, Culture=neutral, PublicKeyToken=b03f5f7f11d50a3a" className="ProjectCowTest.SpaceshipTest, ProjectCowTest, Version=1.0.0.0, Culture=neutral, PublicKeyToken=null" name="MoveUpTest" />
    </UnitTest>
    <UnitTest name="ProcessLeftInputTest" storage="c:\users\sazan\documents\projects\visual studio\general\projectcow\projectcowtest\bin\debug\projectcowtest.dll" id="4627ecc7-fc3c-a4cb-33f2-71102ed8b3f7">
      <Execution id="543b6327-3379-43d9-addd-0918606b177d" />
      <TestMethod codeBase="C:/Users/Sazan/Documents/Projects/Visual Studio/General/ProjectCow/ProjectCowTest/bin/Debug/ProjectCowTest.DLL" adapterTypeName="Microsoft.VisualStudio.TestTools.TestTypes.Unit.UnitTestAdapter, Microsoft.VisualStudio.QualityTools.Tips.UnitTest.Adapter, Version=10.0.0.0, Culture=neutral, PublicKeyToken=b03f5f7f11d50a3a" className="ProjectCowTest.SpaceshipTest, ProjectCowTest, Version=1.0.0.0, Culture=neutral, PublicKeyToken=null" name="ProcessLeftInputTest" />
    </UnitTest>
  </TestDefinitions>
  <TestLists>
    <TestList name="Results Not in a List" id="8c84fa94-04c1-424b-9868-57a2d4851a1d" />
    <TestList name="All Loaded Results" id="19431567-8539-422a-85d7-44ee4e166bda" />
  </TestLists>
  <TestEntries>
    <TestEntry testId="d21f0c20-4809-e616-ccdf-616dc964b5c7" executionId="e237cfb8-c5c5-4cbe-b0e9-f47f06b6cefe" testListId="8c84fa94-04c1-424b-9868-57a2d4851a1d" />
    <TestEntry testId="8f327921-6561-e5da-1949-9b8c6a98b8dc" executionId="04c801d7-6cd6-4b3f-ab55-db712c9478da" testListId="8c84fa94-04c1-424b-9868-57a2d4851a1d" />
    <TestEntry testId="462c57fc-d3b0-3ed4-1248-c27331ea02ed" executionId="ef5a71a4-6185-4572-a308-a026bd03ee07" testListId="8c84fa94-04c1-424b-9868-57a2d4851a1d" />
    <TestEntry testId="e238371f-898d-4127-1983-f6ab8f3b9c24" executionId="9ed630e2-54d2-4dc6-bb19-e02c13698351" testListId="8c84fa94-04c1-424b-9868-57a2d4851a1d" />
    <TestEntry testId="4627ecc7-fc3c-a4cb-33f2-71102ed8b3f7" executionId="543b6327-3379-43d9-addd-0918606b177d" testListId="8c84fa94-04c1-424b-9868-57a2d4851a1d" />
    <TestEntry testId="2665cd88-0838-e1de-bed1-5898a7eed443" executionId="a5bc51a7-2bbd-4d1f-932e-ee777fb367a5" testListId="8c84fa94-04c1-424b-9868-57a2d4851a1d" />
    <TestEntry testId="322579d5-724a-e283-0bb0-fbe3b0158b76" executionId="e43197e9-5d80-4fd2-bb18-043c6791b3a4" testListId="8c84fa94-04c1-424b-9868-57a2d4851a1d" />
    <TestEntry testId="d5a35228-f171-a1a5-77f4-97a4d3808b67" executionId="ef73cc92-6226-4d21-9bf8-957634d1cd5f" testListId="8c84fa94-04c1-424b-9868-57a2d4851a1d" />
    <TestEntry testId="971df8d3-5efd-0f8b-84a8-29f8bc1a6742" executionId="2e316579-9fa6-4813-912f-a67578efde67" testListId="8c84fa94-04c1-424b-9868-57a2d4851a1d" />
    <TestEntry testId="22ef2ff0-bcb5-d630-d8e8-3b923aebe57c" executionId="92703b6b-3a09-423e-97a8-d91ffacb0a9d" testListId="8c84fa94-04c1-424b-9868-57a2d4851a1d" />
  </TestEntries>
  <Results>
    <UnitTestResult executionId="e237cfb8-c5c5-4cbe-b0e9-f47f06b6cefe" testId="d21f0c20-4809-e616-ccdf-616dc964b5c7" testName="MoveLeftTest" computerName="VIETBEASTLAPTOP" duration="00:00:00.0600921" startTime="2012-02-14T04:07:51.6225699-06:00" endTime="2012-02-14T04:07:52.3186097-06:00" testType="13cdc9d9-ddb5-4fa4-a97d-d965ccfc6d4b" outcome="Passed" testListId="8c84fa94-04c1-424b-9868-57a2d4851a1d" relativeResultsDirectory="e237cfb8-c5c5-4cbe-b0e9-f47f06b6cefe">
    </UnitTestResult>
    <UnitTestResult executionId="04c801d7-6cd6-4b3f-ab55-db712c9478da" testId="8f327921-6561-e5da-1949-9b8c6a98b8dc" testName="MoveRightTest" computerName="VIETBEASTLAPTOP" duration="00:00:00.0003573" startTime="2012-02-14T04:07:52.3286103-06:00" endTime="2012-02-14T04:07:52.3326105-06:00" testType="13cdc9d9-ddb5-4fa4-a97d-d965ccfc6d4b" outcome="Passed" testListId="8c84fa94-04c1-424b-9868-57a2d4851a1d" relativeResultsDirectory="04c801d7-6cd6-4b3f-ab55-db712c9478da">
    </UnitTestResult>
    <UnitTestResult executionId="ef5a71a4-6185-4572-a308-a026bd03ee07" testId="462c57fc-d3b0-3ed4-1248-c27331ea02ed" testName="MoveUpTest" computerName="VIETBEASTLAPTOP" duration="00:00:00.0003526" startTime="2012-02-14T04:07:52.3386108-06:00" endTime="2012-02-14T04:07:52.3436111-06:00" testType="13cdc9d9-ddb5-4fa4-a97d-d965ccfc6d4b" outcome="Passed" testListId="8c84fa94-04c1-424b-9868-57a2d4851a1d" relativeResultsDirectory="ef5a71a4-6185-4572-a308-a026bd03ee07">
    </UnitTestResult>
    <UnitTestResult executionId="9ed630e2-54d2-4dc6-bb19-e02c13698351" testId="e238371f-898d-4127-1983-f6ab8f3b9c24" testName="MoveDownTest" computerName="VIETBEASTLAPTOP" duration="00:00:00.0004893" startTime="2012-02-14T04:07:52.3496115-06:00" endTime="2012-02-14T04:07:52.3556118-06:00" testType="13cdc9d9-ddb5-4fa4-a97d-d965ccfc6d4b" outcome="Passed" testListId="8c84fa94-04c1-424b-9868-57a2d4851a1d" relativeResultsDirectory="9ed630e2-54d2-4dc6-bb19-e02c13698351">
    </UnitTestResult>
    <UnitTestResult executionId="543b6327-3379-43d9-addd-0918606b177d" testId="4627ecc7-fc3c-a4cb-33f2-71102ed8b3f7" testName="ProcessLeftInputTest" computerName="VIETBEASTLAPTOP" duration="00:00:00.0022224" startTime="2012-02-14T04:07:52.3596120-06:00" endTime="2012-02-14T04:07:52.3656124-06:00" testType="13cdc9d9-ddb5-4fa4-a97d-d965ccfc6d4b" outcome="Passed" testListId="8c84fa94-04c1-424b-9868-57a2d4851a1d" relativeResultsDirectory="543b6327-3379-43d9-addd-0918606b177d">
    </UnitTestResult>
    <UnitTestResult executionId="a5bc51a7-2bbd-4d1f-932e-ee777fb367a5" testId="2665cd88-0838-e1de-bed1-5898a7eed443" testName="ProcessRightInputTest" computerName="VIETBEASTLAPTOP" duration="00:00:00.0003144" startTime="2012-02-14T04:07:52.3886137-06:00" endTime="2012-02-14T04:07:52.3926139-06:00" testType="13cdc9d9-ddb5-4fa4-a97d-d965ccfc6d4b" outcome="Passed" testListId="8c84fa94-04c1-424b-9868-57a2d4851a1d" relativeResultsDirectory="a5bc51a7-2bbd-4d1f-932e-ee777fb367a5">
    </UnitTestResult>
    <UnitTestResult executionId="e43197e9-5d80-4fd2-bb18-043c6791b3a4" testId="322579d5-724a-e283-0bb0-fbe3b0158b76" testName="ProcessUpInputTest" computerName="VIETBEASTLAPTOP" duration="00:00:00.0003078" startTime="2012-02-14T04:07:52.3956141-06:00" endTime="2012-02-14T04:07:52.3996143-06:00" testType="13cdc9d9-ddb5-4fa4-a97d-d965ccfc6d4b" outcome="Passed" testListId="8c84fa94-04c1-424b-9868-57a2d4851a1d" relativeResultsDirectory="e43197e9-5d80-4fd2-bb18-043c6791b3a4">
    </UnitTestResult>
    <UnitTestResult executionId="ef73cc92-6226-4d21-9bf8-957634d1cd5f" testId="d5a35228-f171-a1a5-77f4-97a4d3808b67" testName="ProcessDownInputTest" computerName="VIETBEASTLAPTOP" duration="00:00:00.0003060" startTime="2012-02-14T04:07:52.4026145-06:00" endTime="2012-02-14T04:07:52.4066147-06:00" testType="13cdc9d9-ddb5-4fa4-a97d-d965ccfc6d4b" outcome="Passed" testListId="8c84fa94-04c1-424b-9868-57a2d4851a1d" relativeResultsDirectory="ef73cc92-6226-4d21-9bf8-957634d1cd5f">
    </UnitTestResult>
    <UnitTestResult executionId="2e316579-9fa6-4813-912f-a67578efde67" testId="971df8d3-5efd-0f8b-84a8-29f8bc1a6742" testName="ProcessSpaceInputTest" computerName="VIETBEASTLAPTOP" duration="00:00:00.0003531" startTime="2012-02-14T04:07:52.4116150-06:00" endTime="2012-02-14T04:07:52.4156152-06:00" testType="13cdc9d9-ddb5-4fa4-a97d-d965ccfc6d4b" outcome="Passed" testListId="8c84fa94-04c1-424b-9868-57a2d4851a1d" relativeResultsDirectory="2e316579-9fa6-4813-912f-a67578efde67">
    </UnitTestResult>
    <UnitTestResult executionId="92703b6b-3a09-423e-97a8-d91ffacb0a9d" testId="22ef2ff0-bcb5-d630-d8e8-3b923aebe57c" testName="TurnOffTractorBeamTest" computerName="VIETBEASTLAPTOP" duration="00:00:00.0003036" startTime="2012-02-14T04:07:52.4196155-06:00" endTime="2012-02-14T04:07:52.4246157-06:00" testType="13cdc9d9-ddb5-4fa4-a97d-d965ccfc6d4b" outcome="Passed" testListId="8c84fa94-04c1-424b-9868-57a2d4851a1d" relativeResultsDirectory="92703b6b-3a09-423e-97a8-d91ffacb0a9d">
    </UnitTestResult>
  </Results>
</TestRun>