<?xml version="1.0" encoding="UTF-8"?>
<TestRun id="40545984-9415-481b-96f1-8ca387fdef35" name="Sazan@VIETBEASTLAPTOP 2012-02-10 01:08:11" runUser="VietBeastLaptop\Sazan" xmlns="http://microsoft.com/schemas/VisualStudio/TeamTest/2010">
  <TestSettings name="Local" id="0cf157e1-6e26-4dd6-8238-f2896789c664">
    <Description>These are default test settings for a local test run.</Description>
    <Deployment enabled="false" runDeploymentRoot="Sazan_VIETBEASTLAPTOP 2012-02-10 01_08_11">
      <DeploymentItem filename="C:\Users\Sazan\Documents\Projects\Visual Studio\General\ProjectCow\ProjectCow\ProjectCow\bin\x86\Debug\ProjectCow.exe" />
    </Deployment>
    <Execution>
      <TestTypeSpecific />
      <AgentRule name="Execution Agents">
      </AgentRule>
    </Execution>
  </TestSettings>
  <Times creation="2012-02-10T01:08:11.5515441-06:00" queuing="2012-02-10T01:08:12.3265884-06:00" start="2012-02-10T01:08:12.3795914-06:00" finish="2012-02-10T01:08:18.0589163-06:00" />
  <ResultSummary outcome="Failed">
    <Counters total="2" executed="2" passed="1" error="0" failed="1" timeout="0" aborted="0" inconclusive="0" passedButRunAborted="0" notRunnable="0" notExecuted="0" disconnected="0" warning="0" completed="0" inProgress="0" pending="0" />
  </ResultSummary>
  <TestDefinitions>
    <UnitTest name="MoveLeftTest" storage="c:\users\sazan\documents\projects\visual studio\general\projectcow\projectcowtest\bin\debug\projectcowtest.dll" id="d21f0c20-4809-e616-ccdf-616dc964b5c7">
      <Execution id="2123ea2f-7069-4f39-a678-1b586fe307b5" />
      <TestMethod codeBase="C:/Users/Sazan/Documents/Projects/Visual Studio/General/ProjectCow/ProjectCowTest/bin/Debug/ProjectCowTest.DLL" adapterTypeName="Microsoft.VisualStudio.TestTools.TestTypes.Unit.UnitTestAdapter, Microsoft.VisualStudio.QualityTools.Tips.UnitTest.Adapter, Version=10.0.0.0, Culture=neutral, PublicKeyToken=b03f5f7f11d50a3a" className="ProjectCowTest.SpaceshipTest, ProjectCowTest, Version=1.0.0.0, Culture=neutral, PublicKeyToken=null" name="MoveLeftTest" />
    </UnitTest>
    <UnitTest name="MoveRightTest" storage="c:\users\sazan\documents\projects\visual studio\general\projectcow\projectcowtest\bin\debug\projectcowtest.dll" id="8f327921-6561-e5da-1949-9b8c6a98b8dc">
      <Execution id="4273a8c5-ebb3-41b7-bee6-88b45e3ca1a3" />
      <TestMethod codeBase="C:/Users/Sazan/Documents/Projects/Visual Studio/General/ProjectCow/ProjectCowTest/bin/Debug/ProjectCowTest.DLL" adapterTypeName="Microsoft.VisualStudio.TestTools.TestTypes.Unit.UnitTestAdapter, Microsoft.VisualStudio.QualityTools.Tips.UnitTest.Adapter, Version=10.0.0.0, Culture=neutral, PublicKeyToken=b03f5f7f11d50a3a" className="ProjectCowTest.SpaceshipTest, ProjectCowTest, Version=1.0.0.0, Culture=neutral, PublicKeyToken=null" name="MoveRightTest" />
    </UnitTest>
  </TestDefinitions>
  <TestLists>
    <TestList name="Results Not in a List" id="8c84fa94-04c1-424b-9868-57a2d4851a1d" />
    <TestList name="All Loaded Results" id="19431567-8539-422a-85d7-44ee4e166bda" />
  </TestLists>
  <TestEntries>
    <TestEntry testId="d21f0c20-4809-e616-ccdf-616dc964b5c7" executionId="2123ea2f-7069-4f39-a678-1b586fe307b5" testListId="8c84fa94-04c1-424b-9868-57a2d4851a1d" />
    <TestEntry testId="8f327921-6561-e5da-1949-9b8c6a98b8dc" executionId="4273a8c5-ebb3-41b7-bee6-88b45e3ca1a3" testListId="8c84fa94-04c1-424b-9868-57a2d4851a1d" />
  </TestEntries>
  <Results>
    <UnitTestResult executionId="2123ea2f-7069-4f39-a678-1b586fe307b5" testId="d21f0c20-4809-e616-ccdf-616dc964b5c7" testName="MoveLeftTest" computerName="VIETBEASTLAPTOP" duration="00:00:00.0611578" startTime="2012-02-10T01:08:12.4115933-06:00" endTime="2012-02-10T01:08:13.0806315-06:00" testType="13cdc9d9-ddb5-4fa4-a97d-d965ccfc6d4b" outcome="Passed" testListId="8c84fa94-04c1-424b-9868-57a2d4851a1d" relativeResultsDirectory="2123ea2f-7069-4f39-a678-1b586fe307b5">
    </UnitTestResult>
    <UnitTestResult executionId="4273a8c5-ebb3-41b7-bee6-88b45e3ca1a3" testId="8f327921-6561-e5da-1949-9b8c6a98b8dc" testName="MoveRightTest" computerName="VIETBEASTLAPTOP" duration="00:00:04.8972519" startTime="2012-02-10T01:08:13.1056330-06:00" endTime="2012-02-10T01:08:18.0079134-06:00" testType="13cdc9d9-ddb5-4fa4-a97d-d965ccfc6d4b" outcome="Failed" testListId="8c84fa94-04c1-424b-9868-57a2d4851a1d" relativeResultsDirectory="4273a8c5-ebb3-41b7-bee6-88b45e3ca1a3">
      <Output>
        <ErrorInfo>
          <Message>Assert.IsTrue failed. </Message>
          <StackTrace>   at ProjectCowTest.SpaceshipTest.MoveRightTest() in C:\Users\Sazan\Documents\Projects\Visual Studio\General\ProjectCow\ProjectCowTest\SpaceshipTest.cs:line 49
</StackTrace>
        </ErrorInfo>
      </Output>
    </UnitTestResult>
  </Results>
</TestRun>