<?xml version="1.0" encoding="UTF-8"?>
<TestRun id="552f520e-5ff5-4a98-b4ec-3c825891bb35" name="Sazan@VIETBEASTLAPTOP 2012-02-10 00:43:56" runUser="VietBeastLaptop\Sazan" xmlns="http://microsoft.com/schemas/VisualStudio/TeamTest/2010">
  <TestSettings name="Local" id="0cf157e1-6e26-4dd6-8238-f2896789c664">
    <Description>These are default test settings for a local test run.</Description>
    <Deployment enabled="false" runDeploymentRoot="Sazan_VIETBEASTLAPTOP 2012-02-10 00_43_56">
      <DeploymentItem filename="C:\Users\Sazan\Documents\Projects\Visual Studio\General\ProjectCow\ProjectCow\ProjectCow\bin\x86\Debug\ProjectCow.exe" />
    </Deployment>
    <Execution>
      <TestTypeSpecific />
      <AgentRule name="Execution Agents">
      </AgentRule>
    </Execution>
  </TestSettings>
  <Times creation="2012-02-10T00:43:56.0842961-06:00" queuing="2012-02-10T00:43:56.9723469-06:00" start="2012-02-10T00:43:57.1143550-06:00" finish="2012-02-10T00:44:09.7240763-06:00" />
  <ResultSummary outcome="Error">
    <Counters total="1" executed="1" error="0" failed="0" timeout="0" aborted="1" inconclusive="0" passedButRunAborted="0" notRunnable="0" notExecuted="0" disconnected="0" warning="0" passed="0" completed="0" inProgress="0" pending="0" />
    <RunInfos>
      <RunInfo computerName="VIETBEASTLAPTOP" outcome="Error" timestamp="2012-02-10T00:44:09.7230762-06:00">
        <Text>Test host process exited unexpectedly.</Text>
      </RunInfo>
    </RunInfos>
  </ResultSummary>
  <TestDefinitions>
    <UnitTest name="MoveLeftTest" storage="c:\users\sazan\documents\projects\visual studio\general\projectcow\projectcowtest\bin\debug\projectcowtest.dll" id="d21f0c20-4809-e616-ccdf-616dc964b5c7">
      <Execution id="33afd106-d6f8-4aba-9e74-35d9e3893820" />
      <TestMethod codeBase="C:/Users/Sazan/Documents/Projects/Visual Studio/General/ProjectCow/ProjectCowTest/bin/Debug/ProjectCowTest.DLL" adapterTypeName="Microsoft.VisualStudio.TestTools.TestTypes.Unit.UnitTestAdapter, Microsoft.VisualStudio.QualityTools.Tips.UnitTest.Adapter, Version=10.0.0.0, Culture=neutral, PublicKeyToken=b03f5f7f11d50a3a" className="ProjectCowTest.SpaceshipTest, ProjectCowTest, Version=1.0.0.0, Culture=neutral, PublicKeyToken=null" name="MoveLeftTest" />
    </UnitTest>
  </TestDefinitions>
  <TestLists>
    <TestList name="Results Not in a List" id="8c84fa94-04c1-424b-9868-57a2d4851a1d" />
    <TestList name="All Loaded Results" id="19431567-8539-422a-85d7-44ee4e166bda" />
  </TestLists>
  <TestEntries>
    <TestEntry testId="d21f0c20-4809-e616-ccdf-616dc964b5c7" executionId="33afd106-d6f8-4aba-9e74-35d9e3893820" testListId="8c84fa94-04c1-424b-9868-57a2d4851a1d" />
  </TestEntries>
  <Results>
    <UnitTestResult executionId="33afd106-d6f8-4aba-9e74-35d9e3893820" testId="d21f0c20-4809-e616-ccdf-616dc964b5c7" testName="MoveLeftTest" computerName="VIETBEASTLAPTOP" duration="00:00:12.4767137" startTime="2012-02-10T00:43:57.2473626-06:00" endTime="2012-02-10T00:44:09.7240763-06:00" testType="13cdc9d9-ddb5-4fa4-a97d-d965ccfc6d4b" outcome="Aborted" testListId="8c84fa94-04c1-424b-9868-57a2d4851a1d" relativeResultsDirectory="33afd106-d6f8-4aba-9e74-35d9e3893820">
    </UnitTestResult>
  </Results>
</TestRun>