<?xml version="1.0" encoding="UTF-8"?>
<TestRun id="7cfbcaee-3683-4726-9947-922400150797" name="Sazan@VIETBEASTLAPTOP 2012-02-14 14:31:47" runUser="VietBeastLaptop\Sazan" xmlns="http://microsoft.com/schemas/VisualStudio/TeamTest/2010">
  <TestSettings name="Local" id="0cf157e1-6e26-4dd6-8238-f2896789c664">
    <Description>These are default test settings for a local test run.</Description>
    <Deployment enabled="false" runDeploymentRoot="Sazan_VIETBEASTLAPTOP 2012-02-14 14_31_47">
      <DeploymentItem filename="C:\Users\Sazan\Documents\Projects\Visual Studio\General\ProjectCow\ProjectCow\ProjectCow\bin\x86\Debug\ProjectCow.exe" />
    </Deployment>
    <Execution>
      <TestTypeSpecific />
      <AgentRule name="Execution Agents">
      </AgentRule>
    </Execution>
  </TestSettings>
  <Times creation="2012-02-14T14:31:47.6637890-06:00" queuing="2012-02-14T14:31:47.7087915-06:00" start="2012-02-14T14:31:47.7157919-06:00" finish="2012-02-14T14:31:48.0218094-06:00" />
  <ResultSummary outcome="Completed">
    <Counters total="10" executed="10" passed="10" error="0" failed="0" timeout="0" aborted="0" inconclusive="0" passedButRunAborted="0" notRunnable="0" notExecuted="0" disconnected="0" warning="0" completed="0" inProgress="0" pending="0" />
  </ResultSummary>
  <TestDefinitions>
    <UnitTest name="DownInputTest" storage="c:\users\sazan\documents\projects\visual studio\general\projectcow\projectcowtest\bin\debug\projectcowtest.dll" id="5242c20b-7ba7-ea02-19d4-5f40234ca4f0">
      <Execution id="36ffb0f6-802b-4e06-b686-acf03d6b23b4" />
      <TestMethod codeBase="C:/Users/Sazan/Documents/Projects/Visual Studio/General/ProjectCow/ProjectCowTest/bin/Debug/ProjectCowTest.DLL" adapterTypeName="Microsoft.VisualStudio.TestTools.TestTypes.Unit.UnitTestAdapter, Microsoft.VisualStudio.QualityTools.Tips.UnitTest.Adapter, Version=10.0.0.0, Culture=neutral, PublicKeyToken=b03f5f7f11d50a3a" className="ProjectCowTest.SpaceshipInputManagerTest, ProjectCowTest, Version=1.0.0.0, Culture=neutral, PublicKeyToken=null" name="DownInputTest" />
    </UnitTest>
    <UnitTest name="MoveUpTest" storage="c:\users\sazan\documents\projects\visual studio\general\projectcow\projectcowtest\bin\debug\projectcowtest.dll" id="462c57fc-d3b0-3ed4-1248-c27331ea02ed">
      <Execution id="a019ab2f-87c9-48b9-9353-3f7f45db6bed" />
      <TestMethod codeBase="C:/Users/Sazan/Documents/Projects/Visual Studio/General/ProjectCow/ProjectCowTest/bin/Debug/ProjectCowTest.DLL" adapterTypeName="Microsoft.VisualStudio.TestTools.TestTypes.Unit.UnitTestAdapter, Microsoft.VisualStudio.QualityTools.Tips.UnitTest.Adapter, Version=10.0.0.0, Culture=neutral, PublicKeyToken=b03f5f7f11d50a3a" className="ProjectCowTest.SpaceshipTest, ProjectCowTest, Version=1.0.0.0, Culture=neutral, PublicKeyToken=null" name="MoveUpTest" />
    </UnitTest>
    <UnitTest name="RightInputTest" storage="c:\users\sazan\documents\projects\visual studio\general\projectcow\projectcowtest\bin\debug\projectcowtest.dll" id="533e95b8-8d46-b3dd-d0e5-99726e6d7faa">
      <Execution id="a6d95138-69a0-4974-9699-7af9ee8fd15b" />
      <TestMethod codeBase="C:/Users/Sazan/Documents/Projects/Visual Studio/General/ProjectCow/ProjectCowTest/bin/Debug/ProjectCowTest.DLL" adapterTypeName="Microsoft.VisualStudio.TestTools.TestTypes.Unit.UnitTestAdapter, Microsoft.VisualStudio.QualityTools.Tips.UnitTest.Adapter, Version=10.0.0.0, Culture=neutral, PublicKeyToken=b03f5f7f11d50a3a" className="ProjectCowTest.SpaceshipInputManagerTest, ProjectCowTest, Version=1.0.0.0, Culture=neutral, PublicKeyToken=null" name="RightInputTest" />
    </UnitTest>
    <UnitTest name="UpInputTest" storage="c:\users\sazan\documents\projects\visual studio\general\projectcow\projectcowtest\bin\debug\projectcowtest.dll" id="58550877-0f0d-0116-6cba-c9de52709a18">
      <Execution id="fd760519-6e67-47dc-8ad1-314d7ea6785e" />
      <TestMethod codeBase="C:/Users/Sazan/Documents/Projects/Visual Studio/General/ProjectCow/ProjectCowTest/bin/Debug/ProjectCowTest.DLL" adapterTypeName="Microsoft.VisualStudio.TestTools.TestTypes.Unit.UnitTestAdapter, Microsoft.VisualStudio.QualityTools.Tips.UnitTest.Adapter, Version=10.0.0.0, Culture=neutral, PublicKeyToken=b03f5f7f11d50a3a" className="ProjectCowTest.SpaceshipInputManagerTest, ProjectCowTest, Version=1.0.0.0, Culture=neutral, PublicKeyToken=null" name="UpInputTest" />
    </UnitTest>
    <UnitTest name="LeftBoundaryTest" storage="c:\users\sazan\documents\projects\visual studio\general\projectcow\projectcowtest\bin\debug\projectcowtest.dll" id="c339b4fb-778d-3306-7ea2-4edf321d3414">
      <Execution id="176e9c10-3bab-4d71-b0d2-69f9ef8f1764" />
      <TestMethod codeBase="C:/Users/Sazan/Documents/Projects/Visual Studio/General/ProjectCow/ProjectCowTest/bin/Debug/ProjectCowTest.DLL" adapterTypeName="Microsoft.VisualStudio.TestTools.TestTypes.Unit.UnitTestAdapter, Microsoft.VisualStudio.QualityTools.Tips.UnitTest.Adapter, Version=10.0.0.0, Culture=neutral, PublicKeyToken=b03f5f7f11d50a3a" className="ProjectCowTest.SpaceshipTest, ProjectCowTest, Version=1.0.0.0, Culture=neutral, PublicKeyToken=null" name="LeftBoundaryTest" />
    </UnitTest>
    <UnitTest name="MoveLeftTest" storage="c:\users\sazan\documents\projects\visual studio\general\projectcow\projectcowtest\bin\debug\projectcowtest.dll" id="d21f0c20-4809-e616-ccdf-616dc964b5c7">
      <Execution id="0447b939-ce5d-4681-aed9-154f3da15851" />
      <TestMethod codeBase="C:/Users/Sazan/Documents/Projects/Visual Studio/General/ProjectCow/ProjectCowTest/bin/Debug/ProjectCowTest.DLL" adapterTypeName="Microsoft.VisualStudio.TestTools.TestTypes.Unit.UnitTestAdapter, Microsoft.VisualStudio.QualityTools.Tips.UnitTest.Adapter, Version=10.0.0.0, Culture=neutral, PublicKeyToken=b03f5f7f11d50a3a" className="ProjectCowTest.SpaceshipTest, ProjectCowTest, Version=1.0.0.0, Culture=neutral, PublicKeyToken=null" name="MoveLeftTest" />
    </UnitTest>
    <UnitTest name="ProcessSpaceInputTest" storage="c:\users\sazan\documents\projects\visual studio\general\projectcow\projectcowtest\bin\debug\projectcowtest.dll" id="5d5a6482-420d-43b8-2aa9-b23e025342d9">
      <Execution id="e15bf7d2-052a-4e64-8b26-0ffb005c77a4" />
      <TestMethod codeBase="C:/Users/Sazan/Documents/Projects/Visual Studio/General/ProjectCow/ProjectCowTest/bin/Debug/ProjectCowTest.DLL" adapterTypeName="Microsoft.VisualStudio.TestTools.TestTypes.Unit.UnitTestAdapter, Microsoft.VisualStudio.QualityTools.Tips.UnitTest.Adapter, Version=10.0.0.0, Culture=neutral, PublicKeyToken=b03f5f7f11d50a3a" className="ProjectCowTest.SpaceshipInputManagerTest, ProjectCowTest, Version=1.0.0.0, Culture=neutral, PublicKeyToken=null" name="ProcessSpaceInputTest" />
    </UnitTest>
    <UnitTest name="MoveDownTest" storage="c:\users\sazan\documents\projects\visual studio\general\projectcow\projectcowtest\bin\debug\projectcowtest.dll" id="e238371f-898d-4127-1983-f6ab8f3b9c24">
      <Execution id="0144089d-4d59-4928-9fc3-5049e4efd0a0" />
      <TestMethod codeBase="C:/Users/Sazan/Documents/Projects/Visual Studio/General/ProjectCow/ProjectCowTest/bin/Debug/ProjectCowTest.DLL" adapterTypeName="Microsoft.VisualStudio.TestTools.TestTypes.Unit.UnitTestAdapter, Microsoft.VisualStudio.QualityTools.Tips.UnitTest.Adapter, Version=10.0.0.0, Culture=neutral, PublicKeyToken=b03f5f7f11d50a3a" className="ProjectCowTest.SpaceshipTest, ProjectCowTest, Version=1.0.0.0, Culture=neutral, PublicKeyToken=null" name="MoveDownTest" />
    </UnitTest>
    <UnitTest name="LeftInputTest" storage="c:\users\sazan\documents\projects\visual studio\general\projectcow\projectcowtest\bin\debug\projectcowtest.dll" id="0195d3d9-3842-082a-0a73-666702ddd1d4">
      <Execution id="48a8980b-e43c-4622-bffe-c8579c26111e" />
      <TestMethod codeBase="C:/Users/Sazan/Documents/Projects/Visual Studio/General/ProjectCow/ProjectCowTest/bin/Debug/ProjectCowTest.DLL" adapterTypeName="Microsoft.VisualStudio.TestTools.TestTypes.Unit.UnitTestAdapter, Microsoft.VisualStudio.QualityTools.Tips.UnitTest.Adapter, Version=10.0.0.0, Culture=neutral, PublicKeyToken=b03f5f7f11d50a3a" className="ProjectCowTest.SpaceshipInputManagerTest, ProjectCowTest, Version=1.0.0.0, Culture=neutral, PublicKeyToken=null" name="LeftInputTest" />
    </UnitTest>
    <UnitTest name="MoveRightTest" storage="c:\users\sazan\documents\projects\visual studio\general\projectcow\projectcowtest\bin\debug\projectcowtest.dll" id="8f327921-6561-e5da-1949-9b8c6a98b8dc">
      <Execution id="acdb6a19-a7dd-47f9-8770-285b2ff54be2" />
      <TestMethod codeBase="C:/Users/Sazan/Documents/Projects/Visual Studio/General/ProjectCow/ProjectCowTest/bin/Debug/ProjectCowTest.DLL" adapterTypeName="Microsoft.VisualStudio.TestTools.TestTypes.Unit.UnitTestAdapter, Microsoft.VisualStudio.QualityTools.Tips.UnitTest.Adapter, Version=10.0.0.0, Culture=neutral, PublicKeyToken=b03f5f7f11d50a3a" className="ProjectCowTest.SpaceshipTest, ProjectCowTest, Version=1.0.0.0, Culture=neutral, PublicKeyToken=null" name="MoveRightTest" />
    </UnitTest>
  </TestDefinitions>
  <TestLists>
    <TestList name="Results Not in a List" id="8c84fa94-04c1-424b-9868-57a2d4851a1d" />
    <TestList name="All Loaded Results" id="19431567-8539-422a-85d7-44ee4e166bda" />
  </TestLists>
  <TestEntries>
    <TestEntry testId="0195d3d9-3842-082a-0a73-666702ddd1d4" executionId="48a8980b-e43c-4622-bffe-c8579c26111e" testListId="8c84fa94-04c1-424b-9868-57a2d4851a1d" />
    <TestEntry testId="533e95b8-8d46-b3dd-d0e5-99726e6d7faa" executionId="a6d95138-69a0-4974-9699-7af9ee8fd15b" testListId="8c84fa94-04c1-424b-9868-57a2d4851a1d" />
    <TestEntry testId="58550877-0f0d-0116-6cba-c9de52709a18" executionId="fd760519-6e67-47dc-8ad1-314d7ea6785e" testListId="8c84fa94-04c1-424b-9868-57a2d4851a1d" />
    <TestEntry testId="5242c20b-7ba7-ea02-19d4-5f40234ca4f0" executionId="36ffb0f6-802b-4e06-b686-acf03d6b23b4" testListId="8c84fa94-04c1-424b-9868-57a2d4851a1d" />
    <TestEntry testId="5d5a6482-420d-43b8-2aa9-b23e025342d9" executionId="e15bf7d2-052a-4e64-8b26-0ffb005c77a4" testListId="8c84fa94-04c1-424b-9868-57a2d4851a1d" />
    <TestEntry testId="d21f0c20-4809-e616-ccdf-616dc964b5c7" executionId="0447b939-ce5d-4681-aed9-154f3da15851" testListId="8c84fa94-04c1-424b-9868-57a2d4851a1d" />
    <TestEntry testId="8f327921-6561-e5da-1949-9b8c6a98b8dc" executionId="acdb6a19-a7dd-47f9-8770-285b2ff54be2" testListId="8c84fa94-04c1-424b-9868-57a2d4851a1d" />
    <TestEntry testId="462c57fc-d3b0-3ed4-1248-c27331ea02ed" executionId="a019ab2f-87c9-48b9-9353-3f7f45db6bed" testListId="8c84fa94-04c1-424b-9868-57a2d4851a1d" />
    <TestEntry testId="e238371f-898d-4127-1983-f6ab8f3b9c24" executionId="0144089d-4d59-4928-9fc3-5049e4efd0a0" testListId="8c84fa94-04c1-424b-9868-57a2d4851a1d" />
    <TestEntry testId="c339b4fb-778d-3306-7ea2-4edf321d3414" executionId="176e9c10-3bab-4d71-b0d2-69f9ef8f1764" testListId="8c84fa94-04c1-424b-9868-57a2d4851a1d" />
  </TestEntries>
  <Results>
    <UnitTestResult executionId="48a8980b-e43c-4622-bffe-c8579c26111e" testId="0195d3d9-3842-082a-0a73-666702ddd1d4" testName="LeftInputTest" computerName="VIETBEASTLAPTOP" duration="00:00:00.0190411" startTime="2012-02-14T14:31:47.7177920-06:00" endTime="2012-02-14T14:31:47.9538055-06:00" testType="13cdc9d9-ddb5-4fa4-a97d-d965ccfc6d4b" outcome="Passed" testListId="8c84fa94-04c1-424b-9868-57a2d4851a1d" relativeResultsDirectory="48a8980b-e43c-4622-bffe-c8579c26111e">
    </UnitTestResult>
    <UnitTestResult executionId="a6d95138-69a0-4974-9699-7af9ee8fd15b" testId="533e95b8-8d46-b3dd-d0e5-99726e6d7faa" testName="RightInputTest" computerName="VIETBEASTLAPTOP" duration="00:00:00.0004170" startTime="2012-02-14T14:31:47.9548056-06:00" endTime="2012-02-14T14:31:47.9578058-06:00" testType="13cdc9d9-ddb5-4fa4-a97d-d965ccfc6d4b" outcome="Passed" testListId="8c84fa94-04c1-424b-9868-57a2d4851a1d" relativeResultsDirectory="a6d95138-69a0-4974-9699-7af9ee8fd15b">
    </UnitTestResult>
    <UnitTestResult executionId="fd760519-6e67-47dc-8ad1-314d7ea6785e" testId="58550877-0f0d-0116-6cba-c9de52709a18" testName="UpInputTest" computerName="VIETBEASTLAPTOP" duration="00:00:00.0005686" startTime="2012-02-14T14:31:47.9598059-06:00" endTime="2012-02-14T14:31:47.9638061-06:00" testType="13cdc9d9-ddb5-4fa4-a97d-d965ccfc6d4b" outcome="Passed" testListId="8c84fa94-04c1-424b-9868-57a2d4851a1d" relativeResultsDirectory="fd760519-6e67-47dc-8ad1-314d7ea6785e">
    </UnitTestResult>
    <UnitTestResult executionId="36ffb0f6-802b-4e06-b686-acf03d6b23b4" testId="5242c20b-7ba7-ea02-19d4-5f40234ca4f0" testName="DownInputTest" computerName="VIETBEASTLAPTOP" duration="00:00:00.0004688" startTime="2012-02-14T14:31:47.9648062-06:00" endTime="2012-02-14T14:31:47.9678063-06:00" testType="13cdc9d9-ddb5-4fa4-a97d-d965ccfc6d4b" outcome="Passed" testListId="8c84fa94-04c1-424b-9868-57a2d4851a1d" relativeResultsDirectory="36ffb0f6-802b-4e06-b686-acf03d6b23b4">
    </UnitTestResult>
    <UnitTestResult executionId="e15bf7d2-052a-4e64-8b26-0ffb005c77a4" testId="5d5a6482-420d-43b8-2aa9-b23e025342d9" testName="ProcessSpaceInputTest" computerName="VIETBEASTLAPTOP" duration="00:00:00.0003582" startTime="2012-02-14T14:31:47.9698065-06:00" endTime="2012-02-14T14:31:47.9728066-06:00" testType="13cdc9d9-ddb5-4fa4-a97d-d965ccfc6d4b" outcome="Passed" testListId="8c84fa94-04c1-424b-9868-57a2d4851a1d" relativeResultsDirectory="e15bf7d2-052a-4e64-8b26-0ffb005c77a4">
    </UnitTestResult>
    <UnitTestResult executionId="0447b939-ce5d-4681-aed9-154f3da15851" testId="d21f0c20-4809-e616-ccdf-616dc964b5c7" testName="MoveLeftTest" computerName="VIETBEASTLAPTOP" duration="00:00:00.0003111" startTime="2012-02-14T14:31:47.9748067-06:00" endTime="2012-02-14T14:31:47.9768069-06:00" testType="13cdc9d9-ddb5-4fa4-a97d-d965ccfc6d4b" outcome="Passed" testListId="8c84fa94-04c1-424b-9868-57a2d4851a1d" relativeResultsDirectory="0447b939-ce5d-4681-aed9-154f3da15851">
    </UnitTestResult>
    <UnitTestResult executionId="acdb6a19-a7dd-47f9-8770-285b2ff54be2" testId="8f327921-6561-e5da-1949-9b8c6a98b8dc" testName="MoveRightTest" computerName="VIETBEASTLAPTOP" duration="00:00:00.0002267" startTime="2012-02-14T14:31:47.9788070-06:00" endTime="2012-02-14T14:31:47.9808071-06:00" testType="13cdc9d9-ddb5-4fa4-a97d-d965ccfc6d4b" outcome="Passed" testListId="8c84fa94-04c1-424b-9868-57a2d4851a1d" relativeResultsDirectory="acdb6a19-a7dd-47f9-8770-285b2ff54be2">
    </UnitTestResult>
    <UnitTestResult executionId="a019ab2f-87c9-48b9-9353-3f7f45db6bed" testId="462c57fc-d3b0-3ed4-1248-c27331ea02ed" testName="MoveUpTest" computerName="VIETBEASTLAPTOP" duration="00:00:00.0002285" startTime="2012-02-14T14:31:47.9828072-06:00" endTime="2012-02-14T14:31:47.9848073-06:00" testType="13cdc9d9-ddb5-4fa4-a97d-d965ccfc6d4b" outcome="Passed" testListId="8c84fa94-04c1-424b-9868-57a2d4851a1d" relativeResultsDirectory="a019ab2f-87c9-48b9-9353-3f7f45db6bed">
    </UnitTestResult>
    <UnitTestResult executionId="0144089d-4d59-4928-9fc3-5049e4efd0a0" testId="e238371f-898d-4127-1983-f6ab8f3b9c24" testName="MoveDownTest" computerName="VIETBEASTLAPTOP" duration="00:00:00.0002267" startTime="2012-02-14T14:31:47.9868074-06:00" endTime="2012-02-14T14:31:47.9898076-06:00" testType="13cdc9d9-ddb5-4fa4-a97d-d965ccfc6d4b" outcome="Passed" testListId="8c84fa94-04c1-424b-9868-57a2d4851a1d" relativeResultsDirectory="0144089d-4d59-4928-9fc3-5049e4efd0a0">
    </UnitTestResult>
    <UnitTestResult executionId="176e9c10-3bab-4d71-b0d2-69f9ef8f1764" testId="c339b4fb-778d-3306-7ea2-4edf321d3414" testName="LeftBoundaryTest" computerName="VIETBEASTLAPTOP" duration="00:00:00.0002887" startTime="2012-02-14T14:31:47.9908077-06:00" endTime="2012-02-14T14:31:47.9938078-06:00" testType="13cdc9d9-ddb5-4fa4-a97d-d965ccfc6d4b" outcome="Passed" testListId="8c84fa94-04c1-424b-9868-57a2d4851a1d" relativeResultsDirectory="176e9c10-3bab-4d71-b0d2-69f9ef8f1764">
    </UnitTestResult>
  </Results>
</TestRun>